Loading query specifications from datasets/autofj_join_benchmark/autofj_query_columns.csv
Found 50 query specifications
Processing 10 specified queries

Processing 10 queries...
Processing query 1/10: Galaxy_left.csv.title
  Loaded 555 values
Device selected: cpu
  Found 10 similar columns
Saved 10 results to entity-linking-experiments/autofj_query_results_k1024_t0.1_top10_slurm/job_2/query_001_Galaxy_left.csv_title.csv
  Saved 200 contributing entities to entity-linking-experiments/autofj_query_results_k1024_t0.1_top10_slurm/job_2/query_001_Galaxy_left.csv_title_Galaxy_left_title_contributing_entities.csv
  Saved 17 contributing entities to entity-linking-experiments/autofj_query_results_k1024_t0.1_top10_slurm/job_2/query_001_Galaxy_left.csv_title_Galaxy_right_title_contributing_entities.csv
  Saved 200 contributing entities to entity-linking-experiments/autofj_query_results_k1024_t0.1_top10_slurm/job_2/query_001_Galaxy_left.csv_title_ArtificialSatellite_left_title_contributing_entities.csv
  Saved 72 contributing entities to entity-linking-experiments/autofj_query_results_k1024_t0.1_top10_slurm/job_2/query_001_Galaxy_left.csv_title_ArtificialSatellite_right_title_contributing_entities.csv
  Saved 157 contributing entities to entity-linking-experiments/autofj_query_results_k1024_t0.1_top10_slurm/job_2/query_001_Galaxy_left.csv_title_Drug_right_title_contributing_entities.csv
  Saved 200 contributing entities to entity-linking-experiments/autofj_query_results_k1024_t0.1_top10_slurm/job_2/query_001_Galaxy_left.csv_title_Drug_left_title_contributing_entities.csv
  Saved 200 contributing entities to entity-linking-experiments/autofj_query_results_k1024_t0.1_top10_slurm/job_2/query_001_Galaxy_left.csv_title_TelevisionStation_right_title_contributing_entities.csv
  Saved 200 contributing entities to entity-linking-experiments/autofj_query_results_k1024_t0.1_top10_slurm/job_2/query_001_Galaxy_left.csv_title_Device_right_title_contributing_entities.csv
  Saved 200 contributing entities to entity-linking-experiments/autofj_query_results_k1024_t0.1_top10_slurm/job_2/query_001_Galaxy_left.csv_title_Device_left_title_contributing_entities.csv
  Saved 154 contributing entities to entity-linking-experiments/autofj_query_results_k1024_t0.1_top10_slurm/job_2/query_001_Galaxy_left.csv_title_GivenName_right_title_contributing_entities.csv
Processing query 2/10: Wrestler_left.csv.title
  Loaded 3150 values
  Found 10 similar columns
Saved 10 results to entity-linking-experiments/autofj_query_results_k1024_t0.1_top10_slurm/job_2/query_002_Wrestler_left.csv_title.csv
  Saved 200 contributing entities to entity-linking-experiments/autofj_query_results_k1024_t0.1_top10_slurm/job_2/query_002_Wrestler_left.csv_title_Wrestler_left_title_contributing_entities.csv
  Saved 200 contributing entities to entity-linking-experiments/autofj_query_results_k1024_t0.1_top10_slurm/job_2/query_002_Wrestler_left.csv_title_Wrestler_right_title_contributing_entities.csv
  Saved 154 contributing entities to entity-linking-experiments/autofj_query_results_k1024_t0.1_top10_slurm/job_2/query_002_Wrestler_left.csv_title_GivenName_right_title_contributing_entities.csv
  Saved 200 contributing entities to entity-linking-experiments/autofj_query_results_k1024_t0.1_top10_slurm/job_2/query_002_Wrestler_left.csv_title_GivenName_left_title_contributing_entities.csv
  Saved 200 contributing entities to entity-linking-experiments/autofj_query_results_k1024_t0.1_top10_slurm/job_2/query_002_Wrestler_left.csv_title_Monarch_right_title_contributing_entities.csv
  Saved 200 contributing entities to entity-linking-experiments/autofj_query_results_k1024_t0.1_top10_slurm/job_2/query_002_Wrestler_left.csv_title_MemberOfParliament_left_title_contributing_entities.csv
  Saved 200 contributing entities to entity-linking-experiments/autofj_query_results_k1024_t0.1_top10_slurm/job_2/query_002_Wrestler_left.csv_title_ChristianBishop_left_title_contributing_entities.csv
  Saved 200 contributing entities to entity-linking-experiments/autofj_query_results_k1024_t0.1_top10_slurm/job_2/query_002_Wrestler_left.csv_title_MemberOfParliament_right_title_contributing_entities.csv
  Saved 166 contributing entities to entity-linking-experiments/autofj_query_results_k1024_t0.1_top10_slurm/job_2/query_002_Wrestler_left.csv_title_BasketballTeam_right_title_contributing_entities.csv
  Saved 200 contributing entities to entity-linking-experiments/autofj_query_results_k1024_t0.1_top10_slurm/job_2/query_002_Wrestler_left.csv_title_ChristianBishop_right_title_contributing_entities.csv
Processing query 3/10: BasketballTeam_left.csv.title
  Loaded 928 values
  Found 10 similar columns
Saved 10 results to entity-linking-experiments/autofj_query_results_k1024_t0.1_top10_slurm/job_2/query_003_BasketballTeam_left.csv_title.csv
  Saved 200 contributing entities to entity-linking-experiments/autofj_query_results_k1024_t0.1_top10_slurm/job_2/query_003_BasketballTeam_left.csv_title_BasketballTeam_left_title_contributing_entities.csv
  Saved 166 contributing entities to entity-linking-experiments/autofj_query_results_k1024_t0.1_top10_slurm/job_2/query_003_BasketballTeam_left.csv_title_BasketballTeam_right_title_contributing_entities.csv
  Saved 200 contributing entities to entity-linking-experiments/autofj_query_results_k1024_t0.1_top10_slurm/job_2/query_003_BasketballTeam_left.csv_title_SoccerLeague_right_title_contributing_entities.csv
  Saved 51 contributing entities to entity-linking-experiments/autofj_query_results_k1024_t0.1_top10_slurm/job_2/query_003_BasketballTeam_left.csv_title_SoccerClubSeason_right_title_contributing_entities.csv
  Saved 58 contributing entities to entity-linking-experiments/autofj_query_results_k1024_t0.1_top10_slurm/job_2/query_003_BasketballTeam_left.csv_title_RugbyLeague_right_title_contributing_entities.csv
  Saved 34 contributing entities to entity-linking-experiments/autofj_query_results_k1024_t0.1_top10_slurm/job_2/query_003_BasketballTeam_left.csv_title_NCAATeamSeason_right_title_contributing_entities.csv
  Saved 154 contributing entities to entity-linking-experiments/autofj_query_results_k1024_t0.1_top10_slurm/job_2/query_003_BasketballTeam_left.csv_title_GivenName_right_title_contributing_entities.csv
  Saved 200 contributing entities to entity-linking-experiments/autofj_query_results_k1024_t0.1_top10_slurm/job_2/query_003_BasketballTeam_left.csv_title_Monarch_right_title_contributing_entities.csv
  Saved 200 contributing entities to entity-linking-experiments/autofj_query_results_k1024_t0.1_top10_slurm/job_2/query_003_BasketballTeam_left.csv_title_SportsLeague_right_title_contributing_entities.csv
  Saved 27 contributing entities to entity-linking-experiments/autofj_query_results_k1024_t0.1_top10_slurm/job_2/query_003_BasketballTeam_left.csv_title_TennisTournament_right_title_contributing_entities.csv
Processing query 4/10: Enzyme_left.csv.title
  Loaded 3917 values
  Found 10 similar columns
Saved 10 results to entity-linking-experiments/autofj_query_results_k1024_t0.1_top10_slurm/job_2/query_004_Enzyme_left.csv_title.csv
  Saved 48 contributing entities to entity-linking-experiments/autofj_query_results_k1024_t0.1_top10_slurm/job_2/query_004_Enzyme_left.csv_title_Enzyme_right_title_contributing_entities.csv
  Saved 200 contributing entities to entity-linking-experiments/autofj_query_results_k1024_t0.1_top10_slurm/job_2/query_004_Enzyme_left.csv_title_Enzyme_left_title_contributing_entities.csv
  Saved 157 contributing entities to entity-linking-experiments/autofj_query_results_k1024_t0.1_top10_slurm/job_2/query_004_Enzyme_left.csv_title_Drug_right_title_contributing_entities.csv
  Saved 17 contributing entities to entity-linking-experiments/autofj_query_results_k1024_t0.1_top10_slurm/job_2/query_004_Enzyme_left.csv_title_Galaxy_right_title_contributing_entities.csv
  Saved 200 contributing entities to entity-linking-experiments/autofj_query_results_k1024_t0.1_top10_slurm/job_2/query_004_Enzyme_left.csv_title_Drug_left_title_contributing_entities.csv
  Saved 72 contributing entities to entity-linking-experiments/autofj_query_results_k1024_t0.1_top10_slurm/job_2/query_004_Enzyme_left.csv_title_ArtificialSatellite_right_title_contributing_entities.csv
  Saved 154 contributing entities to entity-linking-experiments/autofj_query_results_k1024_t0.1_top10_slurm/job_2/query_004_Enzyme_left.csv_title_GivenName_right_title_contributing_entities.csv
  Saved 200 contributing entities to entity-linking-experiments/autofj_query_results_k1024_t0.1_top10_slurm/job_2/query_004_Enzyme_left.csv_title_Monarch_right_title_contributing_entities.csv
  Saved 166 contributing entities to entity-linking-experiments/autofj_query_results_k1024_t0.1_top10_slurm/job_2/query_004_Enzyme_left.csv_title_BasketballTeam_right_title_contributing_entities.csv
  Saved 200 contributing entities to entity-linking-experiments/autofj_query_results_k1024_t0.1_top10_slurm/job_2/query_004_Enzyme_left.csv_title_Hospital_right_title_contributing_entities.csv
Processing query 5/10: ArtificialSatellite_left.csv.title
  Loaded 1801 values
  Found 10 similar columns
Saved 10 results to entity-linking-experiments/autofj_query_results_k1024_t0.1_top10_slurm/job_2/query_005_ArtificialSatellite_left.csv_title.csv
  Saved 200 contributing entities to entity-linking-experiments/autofj_query_results_k1024_t0.1_top10_slurm/job_2/query_005_ArtificialSatellite_left.csv_title_ArtificialSatellite_left_title_contributing_entities.csv
  Saved 72 contributing entities to entity-linking-experiments/autofj_query_results_k1024_t0.1_top10_slurm/job_2/query_005_ArtificialSatellite_left.csv_title_ArtificialSatellite_right_title_contributing_entities.csv
  Saved 17 contributing entities to entity-linking-experiments/autofj_query_results_k1024_t0.1_top10_slurm/job_2/query_005_ArtificialSatellite_left.csv_title_Galaxy_right_title_contributing_entities.csv
  Saved 200 contributing entities to entity-linking-experiments/autofj_query_results_k1024_t0.1_top10_slurm/job_2/query_005_ArtificialSatellite_left.csv_title_Galaxy_left_title_contributing_entities.csv
  Saved 157 contributing entities to entity-linking-experiments/autofj_query_results_k1024_t0.1_top10_slurm/job_2/query_005_ArtificialSatellite_left.csv_title_Drug_right_title_contributing_entities.csv
  Saved 154 contributing entities to entity-linking-experiments/autofj_query_results_k1024_t0.1_top10_slurm/job_2/query_005_ArtificialSatellite_left.csv_title_GivenName_right_title_contributing_entities.csv
  Saved 200 contributing entities to entity-linking-experiments/autofj_query_results_k1024_t0.1_top10_slurm/job_2/query_005_ArtificialSatellite_left.csv_title_Device_right_title_contributing_entities.csv
  Saved 166 contributing entities to entity-linking-experiments/autofj_query_results_k1024_t0.1_top10_slurm/job_2/query_005_ArtificialSatellite_left.csv_title_BasketballTeam_right_title_contributing_entities.csv
  Saved 200 contributing entities to entity-linking-experiments/autofj_query_results_k1024_t0.1_top10_slurm/job_2/query_005_ArtificialSatellite_left.csv_title_Monarch_right_title_contributing_entities.csv
  Saved 200 contributing entities to entity-linking-experiments/autofj_query_results_k1024_t0.1_top10_slurm/job_2/query_005_ArtificialSatellite_left.csv_title_TelevisionStation_right_title_contributing_entities.csv
Processing query 6/10: SportsLeague_left.csv.title
  Loaded 3106 values
  Found 10 similar columns
Saved 10 results to entity-linking-experiments/autofj_query_results_k1024_t0.1_top10_slurm/job_2/query_006_SportsLeague_left.csv_title.csv
  Saved 200 contributing entities to entity-linking-experiments/autofj_query_results_k1024_t0.1_top10_slurm/job_2/query_006_SportsLeague_left.csv_title_SoccerLeague_right_title_contributing_entities.csv
  Saved 200 contributing entities to entity-linking-experiments/autofj_query_results_k1024_t0.1_top10_slurm/job_2/query_006_SportsLeague_left.csv_title_SportsLeague_right_title_contributing_entities.csv
  Saved 200 contributing entities to entity-linking-experiments/autofj_query_results_k1024_t0.1_top10_slurm/job_2/query_006_SportsLeague_left.csv_title_SportsLeague_left_title_contributing_entities.csv
  Saved 58 contributing entities to entity-linking-experiments/autofj_query_results_k1024_t0.1_top10_slurm/job_2/query_006_SportsLeague_left.csv_title_RugbyLeague_right_title_contributing_entities.csv
  Saved 200 contributing entities to entity-linking-experiments/autofj_query_results_k1024_t0.1_top10_slurm/job_2/query_006_SportsLeague_left.csv_title_RugbyLeague_left_title_contributing_entities.csv
  Saved 200 contributing entities to entity-linking-experiments/autofj_query_results_k1024_t0.1_top10_slurm/job_2/query_006_SportsLeague_left.csv_title_SoccerLeague_left_title_contributing_entities.csv
  Saved 200 contributing entities to entity-linking-experiments/autofj_query_results_k1024_t0.1_top10_slurm/job_2/query_006_SportsLeague_left.csv_title_FootballLeagueSeason_right_title_contributing_entities.csv
  Saved 27 contributing entities to entity-linking-experiments/autofj_query_results_k1024_t0.1_top10_slurm/job_2/query_006_SportsLeague_left.csv_title_TennisTournament_right_title_contributing_entities.csv
  Saved 51 contributing entities to entity-linking-experiments/autofj_query_results_k1024_t0.1_top10_slurm/job_2/query_006_SportsLeague_left.csv_title_SoccerClubSeason_right_title_contributing_entities.csv
  Saved 200 contributing entities to entity-linking-experiments/autofj_query_results_k1024_t0.1_top10_slurm/job_2/query_006_SportsLeague_left.csv_title_SoccerTournament_right_title_contributing_entities.csv
Processing query 7/10: Hospital_left.csv.title
  Loaded 2424 values
  Found 10 similar columns
Saved 10 results to entity-linking-experiments/autofj_query_results_k1024_t0.1_top10_slurm/job_2/query_007_Hospital_left.csv_title.csv
  Saved 200 contributing entities to entity-linking-experiments/autofj_query_results_k1024_t0.1_top10_slurm/job_2/query_007_Hospital_left.csv_title_Hospital_left_title_contributing_entities.csv
  Saved 200 contributing entities to entity-linking-experiments/autofj_query_results_k1024_t0.1_top10_slurm/job_2/query_007_Hospital_left.csv_title_Hospital_right_title_contributing_entities.csv
  Saved 200 contributing entities to entity-linking-experiments/autofj_query_results_k1024_t0.1_top10_slurm/job_2/query_007_Hospital_left.csv_title_ShoppingMall_left_title_contributing_entities.csv
  Saved 200 contributing entities to entity-linking-experiments/autofj_query_results_k1024_t0.1_top10_slurm/job_2/query_007_Hospital_left.csv_title_ShoppingMall_right_title_contributing_entities.csv
  Saved 200 contributing entities to entity-linking-experiments/autofj_query_results_k1024_t0.1_top10_slurm/job_2/query_007_Hospital_left.csv_title_HistoricBuilding_right_title_contributing_entities.csv
  Saved 154 contributing entities to entity-linking-experiments/autofj_query_results_k1024_t0.1_top10_slurm/job_2/query_007_Hospital_left.csv_title_GivenName_right_title_contributing_entities.csv
  Saved 200 contributing entities to entity-linking-experiments/autofj_query_results_k1024_t0.1_top10_slurm/job_2/query_007_Hospital_left.csv_title_Museum_right_title_contributing_entities.csv
  Saved 200 contributing entities to entity-linking-experiments/autofj_query_results_k1024_t0.1_top10_slurm/job_2/query_007_Hospital_left.csv_title_HistoricBuilding_left_title_contributing_entities.csv
  Saved 190 contributing entities to entity-linking-experiments/autofj_query_results_k1024_t0.1_top10_slurm/job_2/query_007_Hospital_left.csv_title_ClericalAdministrativeRegion_right_title_contributing_entities.csv
  Saved 200 contributing entities to entity-linking-experiments/autofj_query_results_k1024_t0.1_top10_slurm/job_2/query_007_Hospital_left.csv_title_Venue_right_title_contributing_entities.csv
Processing query 8/10: Magazine_left.csv.title
  Loaded 4005 values
  Found 10 similar columns
Saved 10 results to entity-linking-experiments/autofj_query_results_k1024_t0.1_top10_slurm/job_2/query_008_Magazine_left.csv_title.csv
  Saved 200 contributing entities to entity-linking-experiments/autofj_query_results_k1024_t0.1_top10_slurm/job_2/query_008_Magazine_left.csv_title_Magazine_right_title_contributing_entities.csv
  Saved 200 contributing entities to entity-linking-experiments/autofj_query_results_k1024_t0.1_top10_slurm/job_2/query_008_Magazine_left.csv_title_Magazine_left_title_contributing_entities.csv
  Saved 154 contributing entities to entity-linking-experiments/autofj_query_results_k1024_t0.1_top10_slurm/job_2/query_008_Magazine_left.csv_title_GivenName_right_title_contributing_entities.csv
  Saved 166 contributing entities to entity-linking-experiments/autofj_query_results_k1024_t0.1_top10_slurm/job_2/query_008_Magazine_left.csv_title_BasketballTeam_right_title_contributing_entities.csv
  Saved 72 contributing entities to entity-linking-experiments/autofj_query_results_k1024_t0.1_top10_slurm/job_2/query_008_Magazine_left.csv_title_ArtificialSatellite_right_title_contributing_entities.csv
  Saved 200 contributing entities to entity-linking-experiments/autofj_query_results_k1024_t0.1_top10_slurm/job_2/query_008_Magazine_left.csv_title_Museum_right_title_contributing_entities.csv
  Saved 200 contributing entities to entity-linking-experiments/autofj_query_results_k1024_t0.1_top10_slurm/job_2/query_008_Magazine_left.csv_title_Monarch_right_title_contributing_entities.csv
  Saved 200 contributing entities to entity-linking-experiments/autofj_query_results_k1024_t0.1_top10_slurm/job_2/query_008_Magazine_left.csv_title_ShoppingMall_left_title_contributing_entities.csv
  Saved 17 contributing entities to entity-linking-experiments/autofj_query_results_k1024_t0.1_top10_slurm/job_2/query_008_Magazine_left.csv_title_Galaxy_right_title_contributing_entities.csv
  Saved 200 contributing entities to entity-linking-experiments/autofj_query_results_k1024_t0.1_top10_slurm/job_2/query_008_Magazine_left.csv_title_Artwork_right_title_contributing_entities.csv
Processing query 9/10: Amphibian_left.csv.title
  Loaded 3663 values
  Found 10 similar columns
Saved 10 results to entity-linking-experiments/autofj_query_results_k1024_t0.1_top10_slurm/job_2/query_009_Amphibian_left.csv_title.csv
  Saved 200 contributing entities to entity-linking-experiments/autofj_query_results_k1024_t0.1_top10_slurm/job_2/query_009_Amphibian_left.csv_title_Amphibian_left_title_contributing_entities.csv
  Saved 200 contributing entities to entity-linking-experiments/autofj_query_results_k1024_t0.1_top10_slurm/job_2/query_009_Amphibian_left.csv_title_Amphibian_right_title_contributing_entities.csv
  Saved 200 contributing entities to entity-linking-experiments/autofj_query_results_k1024_t0.1_top10_slurm/job_2/query_009_Amphibian_left.csv_title_Reptile_left_title_contributing_entities.csv
  Saved 200 contributing entities to entity-linking-experiments/autofj_query_results_k1024_t0.1_top10_slurm/job_2/query_009_Amphibian_left.csv_title_Reptile_right_title_contributing_entities.csv
  Saved 154 contributing entities to entity-linking-experiments/autofj_query_results_k1024_t0.1_top10_slurm/job_2/query_009_Amphibian_left.csv_title_GivenName_right_title_contributing_entities.csv
  Saved 157 contributing entities to entity-linking-experiments/autofj_query_results_k1024_t0.1_top10_slurm/job_2/query_009_Amphibian_left.csv_title_Drug_right_title_contributing_entities.csv
  Saved 200 contributing entities to entity-linking-experiments/autofj_query_results_k1024_t0.1_top10_slurm/job_2/query_009_Amphibian_left.csv_title_Monarch_right_title_contributing_entities.csv
  Saved 166 contributing entities to entity-linking-experiments/autofj_query_results_k1024_t0.1_top10_slurm/job_2/query_009_Amphibian_left.csv_title_BasketballTeam_right_title_contributing_entities.csv
  Saved 17 contributing entities to entity-linking-experiments/autofj_query_results_k1024_t0.1_top10_slurm/job_2/query_009_Amphibian_left.csv_title_Galaxy_right_title_contributing_entities.csv
  Saved 72 contributing entities to entity-linking-experiments/autofj_query_results_k1024_t0.1_top10_slurm/job_2/query_009_Amphibian_left.csv_title_ArtificialSatellite_right_title_contributing_entities.csv
Processing query 10/10: TelevisionStation_left.csv.title
  Loaded 6752 values
  Found 10 similar columns
Saved 10 results to entity-linking-experiments/autofj_query_results_k1024_t0.1_top10_slurm/job_2/query_010_TelevisionStation_left.csv_title.csv
  Saved 200 contributing entities to entity-linking-experiments/autofj_query_results_k1024_t0.1_top10_slurm/job_2/query_010_TelevisionStation_left.csv_title_TelevisionStation_right_title_contributing_entities.csv
  Saved 200 contributing entities to entity-linking-experiments/autofj_query_results_k1024_t0.1_top10_slurm/job_2/query_010_TelevisionStation_left.csv_title_TelevisionStation_left_title_contributing_entities.csv
  Saved 72 contributing entities to entity-linking-experiments/autofj_query_results_k1024_t0.1_top10_slurm/job_2/query_010_TelevisionStation_left.csv_title_ArtificialSatellite_right_title_contributing_entities.csv
  Saved 154 contributing entities to entity-linking-experiments/autofj_query_results_k1024_t0.1_top10_slurm/job_2/query_010_TelevisionStation_left.csv_title_GivenName_right_title_contributing_entities.csv
  Saved 17 contributing entities to entity-linking-experiments/autofj_query_results_k1024_t0.1_top10_slurm/job_2/query_010_TelevisionStation_left.csv_title_Galaxy_right_title_contributing_entities.csv
  Saved 166 contributing entities to entity-linking-experiments/autofj_query_results_k1024_t0.1_top10_slurm/job_2/query_010_TelevisionStation_left.csv_title_BasketballTeam_right_title_contributing_entities.csv
  Saved 157 contributing entities to entity-linking-experiments/autofj_query_results_k1024_t0.1_top10_slurm/job_2/query_010_TelevisionStation_left.csv_title_Drug_right_title_contributing_entities.csv
  Saved 27 contributing entities to entity-linking-experiments/autofj_query_results_k1024_t0.1_top10_slurm/job_2/query_010_TelevisionStation_left.csv_title_TennisTournament_right_title_contributing_entities.csv
  Saved 200 contributing entities to entity-linking-experiments/autofj_query_results_k1024_t0.1_top10_slurm/job_2/query_010_TelevisionStation_left.csv_title_Magazine_right_title_contributing_entities.csv
  Saved 58 contributing entities to entity-linking-experiments/autofj_query_results_k1024_t0.1_top10_slurm/job_2/query_010_TelevisionStation_left.csv_title_RugbyLeague_right_title_contributing_entities.csv

Combined results saved to: entity-linking-experiments/autofj_query_results_k1024_t0.1_top10_slurm/job_2/all_query_results.csv

=== QUERY PROCESSING STATISTICS ===
Total queries: 10
Successful queries: 10
Failed queries: 0
Total processing time: 581.81s
Total candidates found: 100
Total high-quality candidates: 2000
Average time per query: 58.1813s
Average candidates per query: 10.00
Average high-quality candidates per query: 200.00

Query processing completed!
Successful queries: 10/10
Total results: 100
Results saved to: entity-linking-experiments/autofj_query_results_k1024_t0.1_top10_slurm/job_2
