Loading query specifications from datasets/autofj_join_benchmark/autofj_query_columns.csv
Found 50 query specifications
Processing 10 specified queries

Processing 10 queries...
Processing query 1/10: ShoppingMall_left.csv.title
  Loaded 201 values
Device selected: cpu
  Found 10 similar columns
Saved 10 results to entity-linking-experiments/autofj_query_results_k1024_t0.1_top10_slurm/job_4/query_001_ShoppingMall_left.csv_title.csv
  Saved 200 contributing entities to entity-linking-experiments/autofj_query_results_k1024_t0.1_top10_slurm/job_4/query_001_ShoppingMall_left.csv_title_ShoppingMall_left_title_contributing_entities.csv
  Saved 200 contributing entities to entity-linking-experiments/autofj_query_results_k1024_t0.1_top10_slurm/job_4/query_001_ShoppingMall_left.csv_title_ShoppingMall_right_title_contributing_entities.csv
  Saved 200 contributing entities to entity-linking-experiments/autofj_query_results_k1024_t0.1_top10_slurm/job_4/query_001_ShoppingMall_left.csv_title_Venue_left_title_contributing_entities.csv
  Saved 200 contributing entities to entity-linking-experiments/autofj_query_results_k1024_t0.1_top10_slurm/job_4/query_001_ShoppingMall_left.csv_title_Stadium_left_title_contributing_entities.csv
  Saved 200 contributing entities to entity-linking-experiments/autofj_query_results_k1024_t0.1_top10_slurm/job_4/query_001_ShoppingMall_left.csv_title_SportFacility_left_title_contributing_entities.csv
  Saved 200 contributing entities to entity-linking-experiments/autofj_query_results_k1024_t0.1_top10_slurm/job_4/query_001_ShoppingMall_left.csv_title_SportFacility_right_title_contributing_entities.csv
  Saved 200 contributing entities to entity-linking-experiments/autofj_query_results_k1024_t0.1_top10_slurm/job_4/query_001_ShoppingMall_left.csv_title_Museum_left_title_contributing_entities.csv
  Saved 200 contributing entities to entity-linking-experiments/autofj_query_results_k1024_t0.1_top10_slurm/job_4/query_001_ShoppingMall_left.csv_title_Stadium_right_title_contributing_entities.csv
  Saved 200 contributing entities to entity-linking-experiments/autofj_query_results_k1024_t0.1_top10_slurm/job_4/query_001_ShoppingMall_left.csv_title_RailwayLine_left_title_contributing_entities.csv
  Saved 200 contributing entities to entity-linking-experiments/autofj_query_results_k1024_t0.1_top10_slurm/job_4/query_001_ShoppingMall_left.csv_title_Venue_right_title_contributing_entities.csv
Processing query 2/10: Reptile_left.csv.title
  Loaded 666 values
  Found 10 similar columns
Saved 10 results to entity-linking-experiments/autofj_query_results_k1024_t0.1_top10_slurm/job_4/query_002_Reptile_left.csv_title.csv
  Saved 200 contributing entities to entity-linking-experiments/autofj_query_results_k1024_t0.1_top10_slurm/job_4/query_002_Reptile_left.csv_title_Reptile_left_title_contributing_entities.csv
  Saved 200 contributing entities to entity-linking-experiments/autofj_query_results_k1024_t0.1_top10_slurm/job_4/query_002_Reptile_left.csv_title_Reptile_right_title_contributing_entities.csv
  Saved 200 contributing entities to entity-linking-experiments/autofj_query_results_k1024_t0.1_top10_slurm/job_4/query_002_Reptile_left.csv_title_Amphibian_right_title_contributing_entities.csv
  Saved 200 contributing entities to entity-linking-experiments/autofj_query_results_k1024_t0.1_top10_slurm/job_4/query_002_Reptile_left.csv_title_Amphibian_left_title_contributing_entities.csv
  Saved 154 contributing entities to entity-linking-experiments/autofj_query_results_k1024_t0.1_top10_slurm/job_4/query_002_Reptile_left.csv_title_GivenName_right_title_contributing_entities.csv
  Saved 200 contributing entities to entity-linking-experiments/autofj_query_results_k1024_t0.1_top10_slurm/job_4/query_002_Reptile_left.csv_title_Monarch_left_title_contributing_entities.csv
  Saved 200 contributing entities to entity-linking-experiments/autofj_query_results_k1024_t0.1_top10_slurm/job_4/query_002_Reptile_left.csv_title_GivenName_left_title_contributing_entities.csv
  Saved 166 contributing entities to entity-linking-experiments/autofj_query_results_k1024_t0.1_top10_slurm/job_4/query_002_Reptile_left.csv_title_BasketballTeam_right_title_contributing_entities.csv
  Saved 157 contributing entities to entity-linking-experiments/autofj_query_results_k1024_t0.1_top10_slurm/job_4/query_002_Reptile_left.csv_title_Drug_right_title_contributing_entities.csv
  Saved 200 contributing entities to entity-linking-experiments/autofj_query_results_k1024_t0.1_top10_slurm/job_4/query_002_Reptile_left.csv_title_Drug_left_title_contributing_entities.csv
Processing query 3/10: Legislature_left.csv.title
  Loaded 1314 values
  Found 10 similar columns
Saved 10 results to entity-linking-experiments/autofj_query_results_k1024_t0.1_top10_slurm/job_4/query_003_Legislature_left.csv_title.csv
  Saved 200 contributing entities to entity-linking-experiments/autofj_query_results_k1024_t0.1_top10_slurm/job_4/query_003_Legislature_left.csv_title_Legislature_left_title_contributing_entities.csv
  Saved 200 contributing entities to entity-linking-experiments/autofj_query_results_k1024_t0.1_top10_slurm/job_4/query_003_Legislature_left.csv_title_Legislature_right_title_contributing_entities.csv
  Saved 200 contributing entities to entity-linking-experiments/autofj_query_results_k1024_t0.1_top10_slurm/job_4/query_003_Legislature_left.csv_title_Election_right_title_contributing_entities.csv
  Saved 200 contributing entities to entity-linking-experiments/autofj_query_results_k1024_t0.1_top10_slurm/job_4/query_003_Legislature_left.csv_title_PoliticalParty_right_title_contributing_entities.csv
  Saved 200 contributing entities to entity-linking-experiments/autofj_query_results_k1024_t0.1_top10_slurm/job_4/query_003_Legislature_left.csv_title_Election_left_title_contributing_entities.csv
  Saved 200 contributing entities to entity-linking-experiments/autofj_query_results_k1024_t0.1_top10_slurm/job_4/query_003_Legislature_left.csv_title_GovernmentAgency_right_title_contributing_entities.csv
  Saved 190 contributing entities to entity-linking-experiments/autofj_query_results_k1024_t0.1_top10_slurm/job_4/query_003_Legislature_left.csv_title_ClericalAdministrativeRegion_right_title_contributing_entities.csv
  Saved 200 contributing entities to entity-linking-experiments/autofj_query_results_k1024_t0.1_top10_slurm/job_4/query_003_Legislature_left.csv_title_Country_right_title_contributing_entities.csv
  Saved 200 contributing entities to entity-linking-experiments/autofj_query_results_k1024_t0.1_top10_slurm/job_4/query_003_Legislature_left.csv_title_GovernmentAgency_left_title_contributing_entities.csv
  Saved 200 contributing entities to entity-linking-experiments/autofj_query_results_k1024_t0.1_top10_slurm/job_4/query_003_Legislature_left.csv_title_MemberOfParliament_right_title_contributing_entities.csv
Processing query 4/10: RugbyLeague_left.csv.title
  Loaded 418 values
  Found 10 similar columns
Saved 10 results to entity-linking-experiments/autofj_query_results_k1024_t0.1_top10_slurm/job_4/query_004_RugbyLeague_left.csv_title.csv
  Saved 200 contributing entities to entity-linking-experiments/autofj_query_results_k1024_t0.1_top10_slurm/job_4/query_004_RugbyLeague_left.csv_title_RugbyLeague_left_title_contributing_entities.csv
  Saved 58 contributing entities to entity-linking-experiments/autofj_query_results_k1024_t0.1_top10_slurm/job_4/query_004_RugbyLeague_left.csv_title_RugbyLeague_right_title_contributing_entities.csv
  Saved 200 contributing entities to entity-linking-experiments/autofj_query_results_k1024_t0.1_top10_slurm/job_4/query_004_RugbyLeague_left.csv_title_SportsLeague_left_title_contributing_entities.csv
  Saved 200 contributing entities to entity-linking-experiments/autofj_query_results_k1024_t0.1_top10_slurm/job_4/query_004_RugbyLeague_left.csv_title_SoccerLeague_left_title_contributing_entities.csv
  Saved 200 contributing entities to entity-linking-experiments/autofj_query_results_k1024_t0.1_top10_slurm/job_4/query_004_RugbyLeague_left.csv_title_SoccerLeague_right_title_contributing_entities.csv
  Saved 200 contributing entities to entity-linking-experiments/autofj_query_results_k1024_t0.1_top10_slurm/job_4/query_004_RugbyLeague_left.csv_title_SportsLeague_right_title_contributing_entities.csv
  Saved 53 contributing entities to entity-linking-experiments/autofj_query_results_k1024_t0.1_top10_slurm/job_4/query_004_RugbyLeague_left.csv_title_FootballMatch_right_title_contributing_entities.csv
  Saved 27 contributing entities to entity-linking-experiments/autofj_query_results_k1024_t0.1_top10_slurm/job_4/query_004_RugbyLeague_left.csv_title_TennisTournament_right_title_contributing_entities.csv
  Saved 51 contributing entities to entity-linking-experiments/autofj_query_results_k1024_t0.1_top10_slurm/job_4/query_004_RugbyLeague_left.csv_title_SoccerClubSeason_right_title_contributing_entities.csv
  Saved 200 contributing entities to entity-linking-experiments/autofj_query_results_k1024_t0.1_top10_slurm/job_4/query_004_RugbyLeague_left.csv_title_Tournament_left_title_contributing_entities.csv
Processing query 5/10: Drug_left.csv.title
  Loaded 5356 values
  Found 10 similar columns
Saved 10 results to entity-linking-experiments/autofj_query_results_k1024_t0.1_top10_slurm/job_4/query_005_Drug_left.csv_title.csv
  Saved 157 contributing entities to entity-linking-experiments/autofj_query_results_k1024_t0.1_top10_slurm/job_4/query_005_Drug_left.csv_title_Drug_right_title_contributing_entities.csv
  Saved 200 contributing entities to entity-linking-experiments/autofj_query_results_k1024_t0.1_top10_slurm/job_4/query_005_Drug_left.csv_title_Drug_left_title_contributing_entities.csv
  Saved 17 contributing entities to entity-linking-experiments/autofj_query_results_k1024_t0.1_top10_slurm/job_4/query_005_Drug_left.csv_title_Galaxy_right_title_contributing_entities.csv
  Saved 154 contributing entities to entity-linking-experiments/autofj_query_results_k1024_t0.1_top10_slurm/job_4/query_005_Drug_left.csv_title_GivenName_right_title_contributing_entities.csv
  Saved 72 contributing entities to entity-linking-experiments/autofj_query_results_k1024_t0.1_top10_slurm/job_4/query_005_Drug_left.csv_title_ArtificialSatellite_right_title_contributing_entities.csv
  Saved 48 contributing entities to entity-linking-experiments/autofj_query_results_k1024_t0.1_top10_slurm/job_4/query_005_Drug_left.csv_title_Enzyme_right_title_contributing_entities.csv
  Saved 200 contributing entities to entity-linking-experiments/autofj_query_results_k1024_t0.1_top10_slurm/job_4/query_005_Drug_left.csv_title_Monarch_right_title_contributing_entities.csv
  Saved 166 contributing entities to entity-linking-experiments/autofj_query_results_k1024_t0.1_top10_slurm/job_4/query_005_Drug_left.csv_title_BasketballTeam_right_title_contributing_entities.csv
  Saved 200 contributing entities to entity-linking-experiments/autofj_query_results_k1024_t0.1_top10_slurm/job_4/query_005_Drug_left.csv_title_Amphibian_left_title_contributing_entities.csv
  Saved 200 contributing entities to entity-linking-experiments/autofj_query_results_k1024_t0.1_top10_slurm/job_4/query_005_Drug_left.csv_title_Galaxy_left_title_contributing_entities.csv
Processing query 6/10: RailwayLine_left.csv.title
  Loaded 2189 values
  Found 10 similar columns
Saved 10 results to entity-linking-experiments/autofj_query_results_k1024_t0.1_top10_slurm/job_4/query_006_RailwayLine_left.csv_title.csv
  Saved 200 contributing entities to entity-linking-experiments/autofj_query_results_k1024_t0.1_top10_slurm/job_4/query_006_RailwayLine_left.csv_title_RailwayLine_left_title_contributing_entities.csv
  Saved 200 contributing entities to entity-linking-experiments/autofj_query_results_k1024_t0.1_top10_slurm/job_4/query_006_RailwayLine_left.csv_title_RailwayLine_right_title_contributing_entities.csv
  Saved 200 contributing entities to entity-linking-experiments/autofj_query_results_k1024_t0.1_top10_slurm/job_4/query_006_RailwayLine_left.csv_title_ShoppingMall_left_title_contributing_entities.csv
  Saved 200 contributing entities to entity-linking-experiments/autofj_query_results_k1024_t0.1_top10_slurm/job_4/query_006_RailwayLine_left.csv_title_ShoppingMall_right_title_contributing_entities.csv
  Saved 154 contributing entities to entity-linking-experiments/autofj_query_results_k1024_t0.1_top10_slurm/job_4/query_006_RailwayLine_left.csv_title_GivenName_right_title_contributing_entities.csv
  Saved 200 contributing entities to entity-linking-experiments/autofj_query_results_k1024_t0.1_top10_slurm/job_4/query_006_RailwayLine_left.csv_title_Museum_right_title_contributing_entities.csv
  Saved 17 contributing entities to entity-linking-experiments/autofj_query_results_k1024_t0.1_top10_slurm/job_4/query_006_RailwayLine_left.csv_title_Galaxy_right_title_contributing_entities.csv
  Saved 200 contributing entities to entity-linking-experiments/autofj_query_results_k1024_t0.1_top10_slurm/job_4/query_006_RailwayLine_left.csv_title_Venue_right_title_contributing_entities.csv
  Saved 175 contributing entities to entity-linking-experiments/autofj_query_results_k1024_t0.1_top10_slurm/job_4/query_006_RailwayLine_left.csv_title_Race_right_title_contributing_entities.csv
  Saved 166 contributing entities to entity-linking-experiments/autofj_query_results_k1024_t0.1_top10_slurm/job_4/query_006_RailwayLine_left.csv_title_BasketballTeam_right_title_contributing_entities.csv
Processing query 7/10: SoccerLeague_left.csv.title
  Loaded 1315 values
  Found 10 similar columns
Saved 10 results to entity-linking-experiments/autofj_query_results_k1024_t0.1_top10_slurm/job_4/query_007_SoccerLeague_left.csv_title.csv
  Saved 200 contributing entities to entity-linking-experiments/autofj_query_results_k1024_t0.1_top10_slurm/job_4/query_007_SoccerLeague_left.csv_title_SoccerLeague_left_title_contributing_entities.csv
  Saved 200 contributing entities to entity-linking-experiments/autofj_query_results_k1024_t0.1_top10_slurm/job_4/query_007_SoccerLeague_left.csv_title_SoccerLeague_right_title_contributing_entities.csv
  Saved 200 contributing entities to entity-linking-experiments/autofj_query_results_k1024_t0.1_top10_slurm/job_4/query_007_SoccerLeague_left.csv_title_SportsLeague_right_title_contributing_entities.csv
  Saved 200 contributing entities to entity-linking-experiments/autofj_query_results_k1024_t0.1_top10_slurm/job_4/query_007_SoccerLeague_left.csv_title_SportsLeague_left_title_contributing_entities.csv
  Saved 58 contributing entities to entity-linking-experiments/autofj_query_results_k1024_t0.1_top10_slurm/job_4/query_007_SoccerLeague_left.csv_title_RugbyLeague_right_title_contributing_entities.csv
  Saved 200 contributing entities to entity-linking-experiments/autofj_query_results_k1024_t0.1_top10_slurm/job_4/query_007_SoccerLeague_left.csv_title_FootballLeagueSeason_right_title_contributing_entities.csv
  Saved 200 contributing entities to entity-linking-experiments/autofj_query_results_k1024_t0.1_top10_slurm/job_4/query_007_SoccerLeague_left.csv_title_RugbyLeague_left_title_contributing_entities.csv
  Saved 51 contributing entities to entity-linking-experiments/autofj_query_results_k1024_t0.1_top10_slurm/job_4/query_007_SoccerLeague_left.csv_title_SoccerClubSeason_right_title_contributing_entities.csv
  Saved 200 contributing entities to entity-linking-experiments/autofj_query_results_k1024_t0.1_top10_slurm/job_4/query_007_SoccerLeague_left.csv_title_SoccerTournament_right_title_contributing_entities.csv
  Saved 27 contributing entities to entity-linking-experiments/autofj_query_results_k1024_t0.1_top10_slurm/job_4/query_007_SoccerLeague_left.csv_title_TennisTournament_right_title_contributing_entities.csv
Processing query 8/10: Country_left.csv.title
  Loaded 2791 values
  Found 10 similar columns
Saved 10 results to entity-linking-experiments/autofj_query_results_k1024_t0.1_top10_slurm/job_4/query_008_Country_left.csv_title.csv
  Saved 200 contributing entities to entity-linking-experiments/autofj_query_results_k1024_t0.1_top10_slurm/job_4/query_008_Country_left.csv_title_Country_left_title_contributing_entities.csv
  Saved 200 contributing entities to entity-linking-experiments/autofj_query_results_k1024_t0.1_top10_slurm/job_4/query_008_Country_left.csv_title_Country_right_title_contributing_entities.csv
  Saved 200 contributing entities to entity-linking-experiments/autofj_query_results_k1024_t0.1_top10_slurm/job_4/query_008_Country_left.csv_title_Legislature_right_title_contributing_entities.csv
  Saved 200 contributing entities to entity-linking-experiments/autofj_query_results_k1024_t0.1_top10_slurm/job_4/query_008_Country_left.csv_title_Monarch_right_title_contributing_entities.csv
  Saved 200 contributing entities to entity-linking-experiments/autofj_query_results_k1024_t0.1_top10_slurm/job_4/query_008_Country_left.csv_title_PoliticalParty_right_title_contributing_entities.csv
  Saved 154 contributing entities to entity-linking-experiments/autofj_query_results_k1024_t0.1_top10_slurm/job_4/query_008_Country_left.csv_title_GivenName_right_title_contributing_entities.csv
  Saved 200 contributing entities to entity-linking-experiments/autofj_query_results_k1024_t0.1_top10_slurm/job_4/query_008_Country_left.csv_title_Noble_right_title_contributing_entities.csv
  Saved 166 contributing entities to entity-linking-experiments/autofj_query_results_k1024_t0.1_top10_slurm/job_4/query_008_Country_left.csv_title_BasketballTeam_right_title_contributing_entities.csv
  Saved 200 contributing entities to entity-linking-experiments/autofj_query_results_k1024_t0.1_top10_slurm/job_4/query_008_Country_left.csv_title_EthnicGroup_right_title_contributing_entities.csv
  Saved 190 contributing entities to entity-linking-experiments/autofj_query_results_k1024_t0.1_top10_slurm/job_4/query_008_Country_left.csv_title_ClericalAdministrativeRegion_right_title_contributing_entities.csv
Processing query 9/10: SoccerClubSeason_left.csv.title
  Loaded 1197 values
  Found 10 similar columns
Saved 10 results to entity-linking-experiments/autofj_query_results_k1024_t0.1_top10_slurm/job_4/query_009_SoccerClubSeason_left.csv_title.csv
  Saved 200 contributing entities to entity-linking-experiments/autofj_query_results_k1024_t0.1_top10_slurm/job_4/query_009_SoccerClubSeason_left.csv_title_SoccerClubSeason_left_title_contributing_entities.csv
  Saved 51 contributing entities to entity-linking-experiments/autofj_query_results_k1024_t0.1_top10_slurm/job_4/query_009_SoccerClubSeason_left.csv_title_SoccerClubSeason_right_title_contributing_entities.csv
  Saved 10 contributing entities to entity-linking-experiments/autofj_query_results_k1024_t0.1_top10_slurm/job_4/query_009_SoccerClubSeason_left.csv_title_NationalFootballLeagueSeason_right_title_contributing_entities.csv
  Saved 200 contributing entities to entity-linking-experiments/autofj_query_results_k1024_t0.1_top10_slurm/job_4/query_009_SoccerClubSeason_left.csv_title_FootballLeagueSeason_right_title_contributing_entities.csv
  Saved 200 contributing entities to entity-linking-experiments/autofj_query_results_k1024_t0.1_top10_slurm/job_4/query_009_SoccerClubSeason_left.csv_title_FootballLeagueSeason_left_title_contributing_entities.csv
  Saved 200 contributing entities to entity-linking-experiments/autofj_query_results_k1024_t0.1_top10_slurm/job_4/query_009_SoccerClubSeason_left.csv_title_SoccerTournament_right_title_contributing_entities.csv
  Saved 34 contributing entities to entity-linking-experiments/autofj_query_results_k1024_t0.1_top10_slurm/job_4/query_009_SoccerClubSeason_left.csv_title_NCAATeamSeason_right_title_contributing_entities.csv
  Saved 200 contributing entities to entity-linking-experiments/autofj_query_results_k1024_t0.1_top10_slurm/job_4/query_009_SoccerClubSeason_left.csv_title_SoccerLeague_right_title_contributing_entities.csv
  Saved 53 contributing entities to entity-linking-experiments/autofj_query_results_k1024_t0.1_top10_slurm/job_4/query_009_SoccerClubSeason_left.csv_title_FootballMatch_right_title_contributing_entities.csv
  Saved 27 contributing entities to entity-linking-experiments/autofj_query_results_k1024_t0.1_top10_slurm/job_4/query_009_SoccerClubSeason_left.csv_title_TennisTournament_right_title_contributing_entities.csv
Processing query 10/10: ChristianBishop_left.csv.title
  Loaded 5363 values
  Found 10 similar columns
Saved 10 results to entity-linking-experiments/autofj_query_results_k1024_t0.1_top10_slurm/job_4/query_010_ChristianBishop_left.csv_title.csv
  Saved 200 contributing entities to entity-linking-experiments/autofj_query_results_k1024_t0.1_top10_slurm/job_4/query_010_ChristianBishop_left.csv_title_ChristianBishop_right_title_contributing_entities.csv
  Saved 200 contributing entities to entity-linking-experiments/autofj_query_results_k1024_t0.1_top10_slurm/job_4/query_010_ChristianBishop_left.csv_title_ChristianBishop_left_title_contributing_entities.csv
  Saved 200 contributing entities to entity-linking-experiments/autofj_query_results_k1024_t0.1_top10_slurm/job_4/query_010_ChristianBishop_left.csv_title_MemberOfParliament_right_title_contributing_entities.csv
  Saved 154 contributing entities to entity-linking-experiments/autofj_query_results_k1024_t0.1_top10_slurm/job_4/query_010_ChristianBishop_left.csv_title_GivenName_right_title_contributing_entities.csv
  Saved 200 contributing entities to entity-linking-experiments/autofj_query_results_k1024_t0.1_top10_slurm/job_4/query_010_ChristianBishop_left.csv_title_MemberOfParliament_left_title_contributing_entities.csv
  Saved 200 contributing entities to entity-linking-experiments/autofj_query_results_k1024_t0.1_top10_slurm/job_4/query_010_ChristianBishop_left.csv_title_Noble_right_title_contributing_entities.csv
  Saved 200 contributing entities to entity-linking-experiments/autofj_query_results_k1024_t0.1_top10_slurm/job_4/query_010_ChristianBishop_left.csv_title_Monarch_right_title_contributing_entities.csv
  Saved 200 contributing entities to entity-linking-experiments/autofj_query_results_k1024_t0.1_top10_slurm/job_4/query_010_ChristianBishop_left.csv_title_Wrestler_right_title_contributing_entities.csv
  Saved 200 contributing entities to entity-linking-experiments/autofj_query_results_k1024_t0.1_top10_slurm/job_4/query_010_ChristianBishop_left.csv_title_Noble_left_title_contributing_entities.csv
  Saved 200 contributing entities to entity-linking-experiments/autofj_query_results_k1024_t0.1_top10_slurm/job_4/query_010_ChristianBishop_left.csv_title_GivenName_left_title_contributing_entities.csv

Combined results saved to: entity-linking-experiments/autofj_query_results_k1024_t0.1_top10_slurm/job_4/all_query_results.csv

=== QUERY PROCESSING STATISTICS ===
Total queries: 10
Successful queries: 10
Failed queries: 0
Total processing time: 529.54s
Total candidates found: 100
Total high-quality candidates: 2000
Average time per query: 52.9542s
Average candidates per query: 10.00
Average high-quality candidates per query: 200.00

Query processing completed!
Successful queries: 10/10
Total results: 100
Results saved to: entity-linking-experiments/autofj_query_results_k1024_t0.1_top10_slurm/job_4
