Loading query specifications from datasets/autofj_join_benchmark/autofj_query_columns.csv
Found 50 query specifications
Processing 10 specified queries

Processing 10 queries...
Processing query 1/10: PoliticalParty_left.csv.title
  Loaded 5254 values
Device selected: cpu
  Found 10 similar columns
Saved 10 results to entity-linking-experiments/autofj_query_results_k1024_t0.1_top10_slurm/job_1/query_001_PoliticalParty_left.csv_title.csv
  Saved 200 contributing entities to entity-linking-experiments/autofj_query_results_k1024_t0.1_top10_slurm/job_1/query_001_PoliticalParty_left.csv_title_PoliticalParty_right_title_contributing_entities.csv
  Saved 200 contributing entities to entity-linking-experiments/autofj_query_results_k1024_t0.1_top10_slurm/job_1/query_001_PoliticalParty_left.csv_title_PoliticalParty_left_title_contributing_entities.csv
  Saved 200 contributing entities to entity-linking-experiments/autofj_query_results_k1024_t0.1_top10_slurm/job_1/query_001_PoliticalParty_left.csv_title_Legislature_right_title_contributing_entities.csv
  Saved 200 contributing entities to entity-linking-experiments/autofj_query_results_k1024_t0.1_top10_slurm/job_1/query_001_PoliticalParty_left.csv_title_Country_right_title_contributing_entities.csv
  Saved 200 contributing entities to entity-linking-experiments/autofj_query_results_k1024_t0.1_top10_slurm/job_1/query_001_PoliticalParty_left.csv_title_Legislature_left_title_contributing_entities.csv
  Saved 200 contributing entities to entity-linking-experiments/autofj_query_results_k1024_t0.1_top10_slurm/job_1/query_001_PoliticalParty_left.csv_title_Election_right_title_contributing_entities.csv
  Saved 200 contributing entities to entity-linking-experiments/autofj_query_results_k1024_t0.1_top10_slurm/job_1/query_001_PoliticalParty_left.csv_title_Monarch_right_title_contributing_entities.csv
  Saved 200 contributing entities to entity-linking-experiments/autofj_query_results_k1024_t0.1_top10_slurm/job_1/query_001_PoliticalParty_left.csv_title_Country_left_title_contributing_entities.csv
  Saved 200 contributing entities to entity-linking-experiments/autofj_query_results_k1024_t0.1_top10_slurm/job_1/query_001_PoliticalParty_left.csv_title_MemberOfParliament_right_title_contributing_entities.csv
  Saved 166 contributing entities to entity-linking-experiments/autofj_query_results_k1024_t0.1_top10_slurm/job_1/query_001_PoliticalParty_left.csv_title_BasketballTeam_right_title_contributing_entities.csv
Processing query 2/10: SoccerTournament_left.csv.title
  Loaded 2714 values
  Found 10 similar columns
Saved 10 results to entity-linking-experiments/autofj_query_results_k1024_t0.1_top10_slurm/job_1/query_002_SoccerTournament_left.csv_title.csv
  Saved 200 contributing entities to entity-linking-experiments/autofj_query_results_k1024_t0.1_top10_slurm/job_1/query_002_SoccerTournament_left.csv_title_SoccerTournament_left_title_contributing_entities.csv
  Saved 200 contributing entities to entity-linking-experiments/autofj_query_results_k1024_t0.1_top10_slurm/job_1/query_002_SoccerTournament_left.csv_title_SoccerTournament_right_title_contributing_entities.csv
  Saved 200 contributing entities to entity-linking-experiments/autofj_query_results_k1024_t0.1_top10_slurm/job_1/query_002_SoccerTournament_left.csv_title_Tournament_right_title_contributing_entities.csv
  Saved 53 contributing entities to entity-linking-experiments/autofj_query_results_k1024_t0.1_top10_slurm/job_1/query_002_SoccerTournament_left.csv_title_FootballMatch_right_title_contributing_entities.csv
  Saved 51 contributing entities to entity-linking-experiments/autofj_query_results_k1024_t0.1_top10_slurm/job_1/query_002_SoccerTournament_left.csv_title_SoccerClubSeason_right_title_contributing_entities.csv
  Saved 200 contributing entities to entity-linking-experiments/autofj_query_results_k1024_t0.1_top10_slurm/job_1/query_002_SoccerTournament_left.csv_title_FootballLeagueSeason_right_title_contributing_entities.csv
  Saved 58 contributing entities to entity-linking-experiments/autofj_query_results_k1024_t0.1_top10_slurm/job_1/query_002_SoccerTournament_left.csv_title_RugbyLeague_right_title_contributing_entities.csv
  Saved 27 contributing entities to entity-linking-experiments/autofj_query_results_k1024_t0.1_top10_slurm/job_1/query_002_SoccerTournament_left.csv_title_TennisTournament_right_title_contributing_entities.csv
  Saved 200 contributing entities to entity-linking-experiments/autofj_query_results_k1024_t0.1_top10_slurm/job_1/query_002_SoccerTournament_left.csv_title_FootballMatch_left_title_contributing_entities.csv
  Saved 200 contributing entities to entity-linking-experiments/autofj_query_results_k1024_t0.1_top10_slurm/job_1/query_002_SoccerTournament_left.csv_title_TennisTournament_left_title_contributing_entities.csv
Processing query 3/10: Tournament_left.csv.title
  Loaded 4858 values
  Found 10 similar columns
Saved 10 results to entity-linking-experiments/autofj_query_results_k1024_t0.1_top10_slurm/job_1/query_003_Tournament_left.csv_title.csv
  Saved 200 contributing entities to entity-linking-experiments/autofj_query_results_k1024_t0.1_top10_slurm/job_1/query_003_Tournament_left.csv_title_SoccerTournament_right_title_contributing_entities.csv
  Saved 200 contributing entities to entity-linking-experiments/autofj_query_results_k1024_t0.1_top10_slurm/job_1/query_003_Tournament_left.csv_title_TennisTournament_left_title_contributing_entities.csv
  Saved 200 contributing entities to entity-linking-experiments/autofj_query_results_k1024_t0.1_top10_slurm/job_1/query_003_Tournament_left.csv_title_Tournament_right_title_contributing_entities.csv
  Saved 27 contributing entities to entity-linking-experiments/autofj_query_results_k1024_t0.1_top10_slurm/job_1/query_003_Tournament_left.csv_title_TennisTournament_right_title_contributing_entities.csv
  Saved 200 contributing entities to entity-linking-experiments/autofj_query_results_k1024_t0.1_top10_slurm/job_1/query_003_Tournament_left.csv_title_SoccerTournament_left_title_contributing_entities.csv
  Saved 200 contributing entities to entity-linking-experiments/autofj_query_results_k1024_t0.1_top10_slurm/job_1/query_003_Tournament_left.csv_title_Tournament_left_title_contributing_entities.csv
  Saved 53 contributing entities to entity-linking-experiments/autofj_query_results_k1024_t0.1_top10_slurm/job_1/query_003_Tournament_left.csv_title_FootballMatch_right_title_contributing_entities.csv
  Saved 58 contributing entities to entity-linking-experiments/autofj_query_results_k1024_t0.1_top10_slurm/job_1/query_003_Tournament_left.csv_title_RugbyLeague_right_title_contributing_entities.csv
  Saved 51 contributing entities to entity-linking-experiments/autofj_query_results_k1024_t0.1_top10_slurm/job_1/query_003_Tournament_left.csv_title_SoccerClubSeason_right_title_contributing_entities.csv
  Saved 200 contributing entities to entity-linking-experiments/autofj_query_results_k1024_t0.1_top10_slurm/job_1/query_003_Tournament_left.csv_title_FootballLeagueSeason_right_title_contributing_entities.csv
Processing query 4/10: FootballMatch_left.csv.title
  Loaded 1999 values
  Found 10 similar columns
Saved 10 results to entity-linking-experiments/autofj_query_results_k1024_t0.1_top10_slurm/job_1/query_004_FootballMatch_left.csv_title.csv
  Saved 200 contributing entities to entity-linking-experiments/autofj_query_results_k1024_t0.1_top10_slurm/job_1/query_004_FootballMatch_left.csv_title_FootballMatch_left_title_contributing_entities.csv
  Saved 53 contributing entities to entity-linking-experiments/autofj_query_results_k1024_t0.1_top10_slurm/job_1/query_004_FootballMatch_left.csv_title_FootballMatch_right_title_contributing_entities.csv
  Saved 200 contributing entities to entity-linking-experiments/autofj_query_results_k1024_t0.1_top10_slurm/job_1/query_004_FootballMatch_left.csv_title_SoccerTournament_right_title_contributing_entities.csv
  Saved 51 contributing entities to entity-linking-experiments/autofj_query_results_k1024_t0.1_top10_slurm/job_1/query_004_FootballMatch_left.csv_title_SoccerClubSeason_right_title_contributing_entities.csv
  Saved 200 contributing entities to entity-linking-experiments/autofj_query_results_k1024_t0.1_top10_slurm/job_1/query_004_FootballMatch_left.csv_title_FootballLeagueSeason_right_title_contributing_entities.csv
  Saved 200 contributing entities to entity-linking-experiments/autofj_query_results_k1024_t0.1_top10_slurm/job_1/query_004_FootballMatch_left.csv_title_SoccerTournament_left_title_contributing_entities.csv
  Saved 58 contributing entities to entity-linking-experiments/autofj_query_results_k1024_t0.1_top10_slurm/job_1/query_004_FootballMatch_left.csv_title_RugbyLeague_right_title_contributing_entities.csv
  Saved 200 contributing entities to entity-linking-experiments/autofj_query_results_k1024_t0.1_top10_slurm/job_1/query_004_FootballMatch_left.csv_title_Tournament_right_title_contributing_entities.csv
  Saved 27 contributing entities to entity-linking-experiments/autofj_query_results_k1024_t0.1_top10_slurm/job_1/query_004_FootballMatch_left.csv_title_TennisTournament_right_title_contributing_entities.csv
  Saved 200 contributing entities to entity-linking-experiments/autofj_query_results_k1024_t0.1_top10_slurm/job_1/query_004_FootballMatch_left.csv_title_SoccerLeague_right_title_contributing_entities.csv
Processing query 5/10: EthnicGroup_left.csv.title
  Loaded 4317 values
  Found 10 similar columns
Saved 10 results to entity-linking-experiments/autofj_query_results_k1024_t0.1_top10_slurm/job_1/query_005_EthnicGroup_left.csv_title.csv
  Saved 200 contributing entities to entity-linking-experiments/autofj_query_results_k1024_t0.1_top10_slurm/job_1/query_005_EthnicGroup_left.csv_title_EthnicGroup_left_title_contributing_entities.csv
  Saved 200 contributing entities to entity-linking-experiments/autofj_query_results_k1024_t0.1_top10_slurm/job_1/query_005_EthnicGroup_left.csv_title_EthnicGroup_right_title_contributing_entities.csv
  Saved 200 contributing entities to entity-linking-experiments/autofj_query_results_k1024_t0.1_top10_slurm/job_1/query_005_EthnicGroup_left.csv_title_Monarch_right_title_contributing_entities.csv
  Saved 200 contributing entities to entity-linking-experiments/autofj_query_results_k1024_t0.1_top10_slurm/job_1/query_005_EthnicGroup_left.csv_title_Country_right_title_contributing_entities.csv
  Saved 154 contributing entities to entity-linking-experiments/autofj_query_results_k1024_t0.1_top10_slurm/job_1/query_005_EthnicGroup_left.csv_title_GivenName_right_title_contributing_entities.csv
  Saved 200 contributing entities to entity-linking-experiments/autofj_query_results_k1024_t0.1_top10_slurm/job_1/query_005_EthnicGroup_left.csv_title_Legislature_right_title_contributing_entities.csv
  Saved 200 contributing entities to entity-linking-experiments/autofj_query_results_k1024_t0.1_top10_slurm/job_1/query_005_EthnicGroup_left.csv_title_Country_left_title_contributing_entities.csv
  Saved 200 contributing entities to entity-linking-experiments/autofj_query_results_k1024_t0.1_top10_slurm/job_1/query_005_EthnicGroup_left.csv_title_PoliticalParty_right_title_contributing_entities.csv
  Saved 166 contributing entities to entity-linking-experiments/autofj_query_results_k1024_t0.1_top10_slurm/job_1/query_005_EthnicGroup_left.csv_title_BasketballTeam_right_title_contributing_entities.csv
  Saved 200 contributing entities to entity-linking-experiments/autofj_query_results_k1024_t0.1_top10_slurm/job_1/query_005_EthnicGroup_left.csv_title_Monarch_left_title_contributing_entities.csv
Processing query 6/10: Stadium_left.csv.title
  Loaded 5105 values
  Found 10 similar columns
Saved 10 results to entity-linking-experiments/autofj_query_results_k1024_t0.1_top10_slurm/job_1/query_006_Stadium_left.csv_title.csv
  Saved 200 contributing entities to entity-linking-experiments/autofj_query_results_k1024_t0.1_top10_slurm/job_1/query_006_Stadium_left.csv_title_Stadium_right_title_contributing_entities.csv
  Saved 200 contributing entities to entity-linking-experiments/autofj_query_results_k1024_t0.1_top10_slurm/job_1/query_006_Stadium_left.csv_title_SportFacility_right_title_contributing_entities.csv
  Saved 200 contributing entities to entity-linking-experiments/autofj_query_results_k1024_t0.1_top10_slurm/job_1/query_006_Stadium_left.csv_title_Stadium_left_title_contributing_entities.csv
  Saved 200 contributing entities to entity-linking-experiments/autofj_query_results_k1024_t0.1_top10_slurm/job_1/query_006_Stadium_left.csv_title_Venue_right_title_contributing_entities.csv
  Saved 200 contributing entities to entity-linking-experiments/autofj_query_results_k1024_t0.1_top10_slurm/job_1/query_006_Stadium_left.csv_title_SportFacility_left_title_contributing_entities.csv
  Saved 200 contributing entities to entity-linking-experiments/autofj_query_results_k1024_t0.1_top10_slurm/job_1/query_006_Stadium_left.csv_title_ShoppingMall_left_title_contributing_entities.csv
  Saved 58 contributing entities to entity-linking-experiments/autofj_query_results_k1024_t0.1_top10_slurm/job_1/query_006_Stadium_left.csv_title_RugbyLeague_right_title_contributing_entities.csv
  Saved 200 contributing entities to entity-linking-experiments/autofj_query_results_k1024_t0.1_top10_slurm/job_1/query_006_Stadium_left.csv_title_SoccerLeague_right_title_contributing_entities.csv
  Saved 200 contributing entities to entity-linking-experiments/autofj_query_results_k1024_t0.1_top10_slurm/job_1/query_006_Stadium_left.csv_title_ShoppingMall_right_title_contributing_entities.csv
  Saved 27 contributing entities to entity-linking-experiments/autofj_query_results_k1024_t0.1_top10_slurm/job_1/query_006_Stadium_left.csv_title_TennisTournament_right_title_contributing_entities.csv
Processing query 7/10: SportFacility_left.csv.title
  Loaded 6392 values
  Found 10 similar columns
Saved 10 results to entity-linking-experiments/autofj_query_results_k1024_t0.1_top10_slurm/job_1/query_007_SportFacility_left.csv_title.csv
  Saved 200 contributing entities to entity-linking-experiments/autofj_query_results_k1024_t0.1_top10_slurm/job_1/query_007_SportFacility_left.csv_title_Stadium_right_title_contributing_entities.csv
  Saved 200 contributing entities to entity-linking-experiments/autofj_query_results_k1024_t0.1_top10_slurm/job_1/query_007_SportFacility_left.csv_title_SportFacility_right_title_contributing_entities.csv
  Saved 200 contributing entities to entity-linking-experiments/autofj_query_results_k1024_t0.1_top10_slurm/job_1/query_007_SportFacility_left.csv_title_Stadium_left_title_contributing_entities.csv
  Saved 200 contributing entities to entity-linking-experiments/autofj_query_results_k1024_t0.1_top10_slurm/job_1/query_007_SportFacility_left.csv_title_SportFacility_left_title_contributing_entities.csv
  Saved 200 contributing entities to entity-linking-experiments/autofj_query_results_k1024_t0.1_top10_slurm/job_1/query_007_SportFacility_left.csv_title_Venue_right_title_contributing_entities.csv
  Saved 200 contributing entities to entity-linking-experiments/autofj_query_results_k1024_t0.1_top10_slurm/job_1/query_007_SportFacility_left.csv_title_ShoppingMall_left_title_contributing_entities.csv
  Saved 27 contributing entities to entity-linking-experiments/autofj_query_results_k1024_t0.1_top10_slurm/job_1/query_007_SportFacility_left.csv_title_TennisTournament_right_title_contributing_entities.csv
  Saved 200 contributing entities to entity-linking-experiments/autofj_query_results_k1024_t0.1_top10_slurm/job_1/query_007_SportFacility_left.csv_title_ShoppingMall_right_title_contributing_entities.csv
  Saved 200 contributing entities to entity-linking-experiments/autofj_query_results_k1024_t0.1_top10_slurm/job_1/query_007_SportFacility_left.csv_title_SoccerLeague_right_title_contributing_entities.csv
  Saved 58 contributing entities to entity-linking-experiments/autofj_query_results_k1024_t0.1_top10_slurm/job_1/query_007_SportFacility_left.csv_title_RugbyLeague_right_title_contributing_entities.csv
Processing query 8/10: Song_left.csv.title
  Loaded 5726 values
  Found 10 similar columns
Saved 10 results to entity-linking-experiments/autofj_query_results_k1024_t0.1_top10_slurm/job_1/query_008_Song_left.csv_title.csv
  Saved 200 contributing entities to entity-linking-experiments/autofj_query_results_k1024_t0.1_top10_slurm/job_1/query_008_Song_left.csv_title_Song_right_title_contributing_entities.csv
  Saved 200 contributing entities to entity-linking-experiments/autofj_query_results_k1024_t0.1_top10_slurm/job_1/query_008_Song_left.csv_title_Song_left_title_contributing_entities.csv
  Saved 154 contributing entities to entity-linking-experiments/autofj_query_results_k1024_t0.1_top10_slurm/job_1/query_008_Song_left.csv_title_GivenName_right_title_contributing_entities.csv
  Saved 200 contributing entities to entity-linking-experiments/autofj_query_results_k1024_t0.1_top10_slurm/job_1/query_008_Song_left.csv_title_Artwork_right_title_contributing_entities.csv
  Saved 200 contributing entities to entity-linking-experiments/autofj_query_results_k1024_t0.1_top10_slurm/job_1/query_008_Song_left.csv_title_Magazine_right_title_contributing_entities.csv
  Saved 166 contributing entities to entity-linking-experiments/autofj_query_results_k1024_t0.1_top10_slurm/job_1/query_008_Song_left.csv_title_BasketballTeam_right_title_contributing_entities.csv
  Saved 200 contributing entities to entity-linking-experiments/autofj_query_results_k1024_t0.1_top10_slurm/job_1/query_008_Song_left.csv_title_Wrestler_right_title_contributing_entities.csv
  Saved 200 contributing entities to entity-linking-experiments/autofj_query_results_k1024_t0.1_top10_slurm/job_1/query_008_Song_left.csv_title_Monarch_right_title_contributing_entities.csv
  Saved 175 contributing entities to entity-linking-experiments/autofj_query_results_k1024_t0.1_top10_slurm/job_1/query_008_Song_left.csv_title_Race_right_title_contributing_entities.csv
  Saved 200 contributing entities to entity-linking-experiments/autofj_query_results_k1024_t0.1_top10_slurm/job_1/query_008_Song_left.csv_title_Venue_right_title_contributing_entities.csv
Processing query 9/10: GivenName_left.csv.title
  Loaded 3021 values
  Found 10 similar columns
Saved 10 results to entity-linking-experiments/autofj_query_results_k1024_t0.1_top10_slurm/job_1/query_009_GivenName_left.csv_title.csv
  Saved 154 contributing entities to entity-linking-experiments/autofj_query_results_k1024_t0.1_top10_slurm/job_1/query_009_GivenName_left.csv_title_GivenName_right_title_contributing_entities.csv
  Saved 200 contributing entities to entity-linking-experiments/autofj_query_results_k1024_t0.1_top10_slurm/job_1/query_009_GivenName_left.csv_title_GivenName_left_title_contributing_entities.csv
  Saved 200 contributing entities to entity-linking-experiments/autofj_query_results_k1024_t0.1_top10_slurm/job_1/query_009_GivenName_left.csv_title_Monarch_right_title_contributing_entities.csv
  Saved 200 contributing entities to entity-linking-experiments/autofj_query_results_k1024_t0.1_top10_slurm/job_1/query_009_GivenName_left.csv_title_Monarch_left_title_contributing_entities.csv
  Saved 200 contributing entities to entity-linking-experiments/autofj_query_results_k1024_t0.1_top10_slurm/job_1/query_009_GivenName_left.csv_title_Wrestler_right_title_contributing_entities.csv
  Saved 200 contributing entities to entity-linking-experiments/autofj_query_results_k1024_t0.1_top10_slurm/job_1/query_009_GivenName_left.csv_title_Wrestler_left_title_contributing_entities.csv
  Saved 200 contributing entities to entity-linking-experiments/autofj_query_results_k1024_t0.1_top10_slurm/job_1/query_009_GivenName_left.csv_title_ChristianBishop_left_title_contributing_entities.csv
  Saved 166 contributing entities to entity-linking-experiments/autofj_query_results_k1024_t0.1_top10_slurm/job_1/query_009_GivenName_left.csv_title_BasketballTeam_right_title_contributing_entities.csv
  Saved 200 contributing entities to entity-linking-experiments/autofj_query_results_k1024_t0.1_top10_slurm/job_1/query_009_GivenName_left.csv_title_MemberOfParliament_left_title_contributing_entities.csv
  Saved 200 contributing entities to entity-linking-experiments/autofj_query_results_k1024_t0.1_top10_slurm/job_1/query_009_GivenName_left.csv_title_Noble_right_title_contributing_entities.csv
Processing query 10/10: MotorsportSeason_left.csv.title
  Loaded 1465 values
  Found 10 similar columns
Saved 10 results to entity-linking-experiments/autofj_query_results_k1024_t0.1_top10_slurm/job_1/query_010_MotorsportSeason_left.csv_title.csv
  Saved 200 contributing entities to entity-linking-experiments/autofj_query_results_k1024_t0.1_top10_slurm/job_1/query_010_MotorsportSeason_left.csv_title_MotorsportSeason_left_title_contributing_entities.csv
  Saved 200 contributing entities to entity-linking-experiments/autofj_query_results_k1024_t0.1_top10_slurm/job_1/query_010_MotorsportSeason_left.csv_title_MotorsportSeason_right_title_contributing_entities.csv
  Saved 27 contributing entities to entity-linking-experiments/autofj_query_results_k1024_t0.1_top10_slurm/job_1/query_010_MotorsportSeason_left.csv_title_TennisTournament_right_title_contributing_entities.csv
  Saved 200 contributing entities to entity-linking-experiments/autofj_query_results_k1024_t0.1_top10_slurm/job_1/query_010_MotorsportSeason_left.csv_title_TennisTournament_left_title_contributing_entities.csv
  Saved 51 contributing entities to entity-linking-experiments/autofj_query_results_k1024_t0.1_top10_slurm/job_1/query_010_MotorsportSeason_left.csv_title_SoccerClubSeason_right_title_contributing_entities.csv
  Saved 10 contributing entities to entity-linking-experiments/autofj_query_results_k1024_t0.1_top10_slurm/job_1/query_010_MotorsportSeason_left.csv_title_NationalFootballLeagueSeason_right_title_contributing_entities.csv
  Saved 200 contributing entities to entity-linking-experiments/autofj_query_results_k1024_t0.1_top10_slurm/job_1/query_010_MotorsportSeason_left.csv_title_SoccerTournament_right_title_contributing_entities.csv
  Saved 53 contributing entities to entity-linking-experiments/autofj_query_results_k1024_t0.1_top10_slurm/job_1/query_010_MotorsportSeason_left.csv_title_FootballMatch_right_title_contributing_entities.csv
  Saved 58 contributing entities to entity-linking-experiments/autofj_query_results_k1024_t0.1_top10_slurm/job_1/query_010_MotorsportSeason_left.csv_title_RugbyLeague_right_title_contributing_entities.csv
  Saved 200 contributing entities to entity-linking-experiments/autofj_query_results_k1024_t0.1_top10_slurm/job_1/query_010_MotorsportSeason_left.csv_title_Tournament_right_title_contributing_entities.csv

Combined results saved to: entity-linking-experiments/autofj_query_results_k1024_t0.1_top10_slurm/job_1/all_query_results.csv

=== QUERY PROCESSING STATISTICS ===
Total queries: 10
Successful queries: 10
Failed queries: 0
Total processing time: 584.22s
Total candidates found: 100
Total high-quality candidates: 2000
Average time per query: 58.4219s
Average candidates per query: 10.00
Average high-quality candidates per query: 200.00

Query processing completed!
Successful queries: 10/10
Total results: 100
Results saved to: entity-linking-experiments/autofj_query_results_k1024_t0.1_top10_slurm/job_1
