Loading query specifications from datasets/wt/wt_query_columns_no_column_names.csv
Found 119 query specifications
Processing 10 specified queries

Processing 10 queries with similarity_method=greedy_match...
Processing query 1/10: AJ-beatles-songs_source_Title.title
  Loaded 299 values
Device selected: cpu
  Found 50 similar columns
Processing query 2/10: AJ-california-govs-1_source_Governor_s_Name.title
  Loaded 25 values
  Found 50 similar columns
Processing query 3/10: AJ-california-govs-1_source_State.title
  Loaded 25 values
  Found 50 similar columns
Processing query 4/10: AJ-california-govs-1_source_Time_in_Office.title
  Loaded 25 values
  Found 50 similar columns
Processing query 5/10: AJ-california-govs-1_source_Party.title
  Loaded 25 values
  Found 50 similar columns
Processing query 6/10: AJ-california-govs-2_source__.title
  Loaded 64 values
  Found 50 similar columns
Processing query 7/10: AJ-california-govs-2_source_Governor.title
  Loaded 64 values
  Found 50 similar columns
Processing query 8/10: AJ-california-govs-2_source_Term_in_office.title
  Loaded 64 values
  Found 50 similar columns
Processing query 9/10: AJ-california-govs-2_source_Party.title
  Loaded 64 values
  Found 50 similar columns
Processing query 10/10: AJ-california-govs-2_source_Term.title
  Loaded 65 values
  Found 50 similar columns

Combined results saved to: wt-experiments/wt_query_results_k1024_t0.1_top50_slurm_no_column_names/job_0/all_query_results.csv

=== QUERY PROCESSING STATISTICS ===
Total queries: 10
Successful queries: 10
Failed queries: 0
Total processing time: 30.82s
Total candidates found: 500
Average time per query: 3.0817s
Average candidates per query: 50.00

Query processing completed!
Successful queries: 10/10
Total results: 500
Results saved to: wt-experiments/wt_query_results_k1024_t0.1_top50_slurm_no_column_names/job_0
