Job 1: Processing queries 10 to 19
Total queries in job: 10
Loading query specifications from datasets/freyja-semantic-join/freyja_query_columns.csv
Found 50 query specifications
Processing 10 specified queries

Processing 10 queries...
Processing query 1/10: cwurData.csv.country
  Loaded 2195 values
Device selected: cpu
  Found 50 similar columns
Saved 50 results to query_results_k1024_t0.1_top50_slurm/job_1/query_001_cwurData.csv_country.csv
Processing query 2/10: edu.csv.country
  Loaded 15312 values
  Found 50 similar columns
Saved 50 results to query_results_k1024_t0.1_top50_slurm/job_1/query_002_edu.csv_country.csv
Processing query 3/10: fifa_ranking.csv.country_full
  Loaded 57793 values
  Found 50 similar columns
Saved 50 results to query_results_k1024_t0.1_top50_slurm/job_1/query_003_fifa_ranking.csv_country_full.csv
Processing query 4/10: gender_development.csv.Country
  Loaded 195 values
  Found 50 similar columns
Saved 50 results to query_results_k1024_t0.1_top50_slurm/job_1/query_004_gender_development.csv_Country.csv
Processing query 5/10: hfi_cc_2018.csv.countries
  Loaded 1458 values
  Found 50 similar columns
Saved 50 results to query_results_k1024_t0.1_top50_slurm/job_1/query_005_hfi_cc_2018.csv_countries.csv
Processing query 6/10: movie_metadata.csv.country
  Loaded 4930 values
  Found 50 similar columns
Saved 50 results to query_results_k1024_t0.1_top50_slurm/job_1/query_006_movie_metadata.csv_country.csv
Processing query 7/10: movies.csv.country
  Loaded 6820 values
  Found 50 similar columns
Saved 50 results to query_results_k1024_t0.1_top50_slurm/job_1/query_007_movies.csv_country.csv
Processing query 8/10: MoviesOnStreamingPlatforms_updated.csv.Country
  Loaded 16309 values
  Found 50 similar columns
Saved 50 results to query_results_k1024_t0.1_top50_slurm/job_1/query_008_MoviesOnStreamingPlatforms_updated.csv_Country.csv
Processing query 9/10: netflix_titles.csv.country
  Loaded 5758 values
  Found 50 similar columns
Saved 50 results to query_results_k1024_t0.1_top50_slurm/job_1/query_009_netflix_titles.csv_country.csv
Processing query 10/10: population_by_country_2020.csv.CountryDependency
  Loaded 235 values
  Found 50 similar columns
Saved 50 results to query_results_k1024_t0.1_top50_slurm/job_1/query_010_population_by_country_2020.csv_CountryDependency.csv

Combined results saved to: query_results_k1024_t0.1_top50_slurm/job_1/all_query_results.csv

=== QUERY PROCESSING STATISTICS ===
Total queries: 10
Successful queries: 10
Failed queries: 0
Total processing time: 192.53s
Total candidates found: 500
Total high-quality candidates: 13080
Average time per query: 19.2533s
Average candidates per query: 50.00
Average high-quality candidates per query: 1308.00
DeepJoin integration: Not used

Query processing completed!
Successful queries: 10/10
Total results: 500
Results saved to: query_results_k1024_t0.1_top50_slurm/job_1
Job 1 completed successfully
