Job 2: Processing queries 20 to 29
Total queries in job: 10
Loading query specifications from datasets/freyja-semantic-join/freyja_query_columns.csv
Found 50 query specifications
Processing 10 specified queries

Processing 10 queries...
Processing query 1/10: pte_alcohol.csv.Arg0
  Loaded 8 values
Device selected: cpu
  Found 50 similar columns
Saved 50 results to query_results_k1024_t0.1_top50_slurm/job_2/query_001_pte_alcohol.csv_Arg0.csv
Processing query 2/10: pte_alkyl_halide.csv.Arg0
  Loaded 173 values
  Found 50 similar columns
Saved 50 results to query_results_k1024_t0.1_top50_slurm/job_2/query_002_pte_alkyl_halide.csv_Arg0.csv
Processing query 3/10: pte_ames.csv.Arg0
  Loaded 142 values
  Found 50 similar columns
Saved 50 results to query_results_k1024_t0.1_top50_slurm/job_2/query_003_pte_ames.csv_Arg0.csv
Processing query 4/10: pte_amine.csv.Arg0
  Loaded 181 values
  Found 50 similar columns
Saved 50 results to query_results_k1024_t0.1_top50_slurm/job_2/query_004_pte_amine.csv_Arg0.csv
Processing query 5/10: pte_ester.csv.Arg0
  Loaded 147 values
  Found 50 similar columns
Saved 50 results to query_results_k1024_t0.1_top50_slurm/job_2/query_005_pte_ester.csv_Arg0.csv
Processing query 6/10: pte_five_ring.csv.Arg0
  Loaded 75 values
  Found 50 similar columns
Saved 50 results to query_results_k1024_t0.1_top50_slurm/job_2/query_006_pte_five_ring.csv_Arg0.csv
Processing query 7/10: pte_has_property.csv.Arg0
  Loaded 1319 values
  Found 50 similar columns
Saved 50 results to query_results_k1024_t0.1_top50_slurm/job_2/query_007_pte_has_property.csv_Arg0.csv
Processing query 8/10: pte_imine.csv.Arg0
  Loaded 17 values
  Found 50 similar columns
Saved 50 results to query_results_k1024_t0.1_top50_slurm/job_2/query_008_pte_imine.csv_Arg0.csv
Processing query 9/10: pte_ketone.csv.Arg0
  Loaded 143 values
  Found 50 similar columns
Saved 50 results to query_results_k1024_t0.1_top50_slurm/job_2/query_009_pte_ketone.csv_Arg0.csv
Processing query 10/10: pte_methoxy.csv.Arg0
  Loaded 60 values
  Found 50 similar columns
Saved 50 results to query_results_k1024_t0.1_top50_slurm/job_2/query_010_pte_methoxy.csv_Arg0.csv

Combined results saved to: query_results_k1024_t0.1_top50_slurm/job_2/all_query_results.csv

=== QUERY PROCESSING STATISTICS ===
Total queries: 10
Successful queries: 10
Failed queries: 0
Total processing time: 124.11s
Total candidates found: 500
Total high-quality candidates: 13080
Average time per query: 12.4108s
Average candidates per query: 50.00
Average high-quality candidates per query: 1308.00
DeepJoin integration: Not used

Query processing completed!
Successful queries: 10/10
Total results: 500
Results saved to: query_results_k1024_t0.1_top50_slurm/job_2
Job 2 completed successfully
