Job 4: Processing queries 40 to 49
Total queries in job: 10
Loading query specifications from datasets/freyja-semantic-join/freyja_query_columns.csv
Found 50 query specifications
Processing 10 specified queries

Processing 10 queries...
Processing query 1/10: UKDebate.csv.country
  Loaded 14578 values
Device selected: cpu
  Found 50 similar columns
Saved 50 results to query_results_k1024_t0.1_top50_slurm/job_4/query_001_UKDebate.csv_country.csv
Processing query 2/10: USA_cars_datasets.csv.country
  Loaded 2499 values
  Found 50 similar columns
Saved 50 results to query_results_k1024_t0.1_top50_slurm/job_4/query_002_USA_cars_datasets.csv_country.csv
Processing query 3/10: who_suicide_statistics.csv.country
  Loaded 43776 values
  Found 50 similar columns
Saved 50 results to query_results_k1024_t0.1_top50_slurm/job_4/query_003_who_suicide_statistics.csv_country.csv
Processing query 4/10: whr2015.csv.Country
  Loaded 158 values
  Found 50 similar columns
Saved 50 results to query_results_k1024_t0.1_top50_slurm/job_4/query_004_whr2015.csv_Country.csv
Processing query 5/10: wikipedia-iso-country-codes.csv.English_short_name_lower_case
  Loaded 246 values
  Found 50 similar columns
Saved 50 results to query_results_k1024_t0.1_top50_slurm/job_4/query_005_wikipedia-iso-country-codes.csv_English_short_name_lower_case.csv
Processing query 6/10: Word_University_Rank_2020.csv.Country
  Loaded 1396 values
  Found 50 similar columns
Saved 50 results to query_results_k1024_t0.1_top50_slurm/job_4/query_006_Word_University_Rank_2020.csv_Country.csv
Processing query 7/10: World_countries_env_vars.csv.Country
  Loaded 243 values
  Found 50 similar columns
Saved 50 results to query_results_k1024_t0.1_top50_slurm/job_4/query_007_World_countries_env_vars.csv_Country.csv
Processing query 8/10: world_country.csv.Name
  Loaded 239 values
  Found 50 similar columns
Saved 50 results to query_results_k1024_t0.1_top50_slurm/job_4/query_008_world_country.csv_Name.csv
Processing query 9/10: world_country.csv.LocalName
  Loaded 239 values
  Found 50 similar columns
Saved 50 results to query_results_k1024_t0.1_top50_slurm/job_4/query_009_world_country.csv_LocalName.csv
Processing query 10/10: world-cities.csv.country
  Loaded 23018 values
  Found 50 similar columns
Saved 50 results to query_results_k1024_t0.1_top50_slurm/job_4/query_010_world-cities.csv_country.csv

Combined results saved to: query_results_k1024_t0.1_top50_slurm/job_4/all_query_results.csv

=== QUERY PROCESSING STATISTICS ===
Total queries: 10
Successful queries: 10
Failed queries: 0
Total processing time: 165.96s
Total candidates found: 500
Total high-quality candidates: 13080
Average time per query: 16.5964s
Average candidates per query: 50.00
Average high-quality candidates per query: 1308.00
DeepJoin integration: Not used

Query processing completed!
Successful queries: 10/10
Total results: 500
Results saved to: query_results_k1024_t0.1_top50_slurm/job_4
Job 4 completed successfully
