Job 0: Processing queries 0 to 9
Total queries in job: 10
Loading query specifications from datasets/freyja-semantic-join/freyja_query_columns.csv
Found 50 query specifications
Processing 10 specified queries

Processing 10 queries...
Processing query 1/10: AdventureWorks2014_CountryRegion.csv.Name
  Loaded 238 values
Device selected: cpu
  Found 50 similar columns
Saved 50 results to query_results_k1024_t0.1_top50_slurm/job_0/query_001_AdventureWorks2014_CountryRegion.csv_Name.csv
Processing query 2/10: AdventureWorks2014_salesTerritory.csv.Name
  Loaded 10 values
  Found 50 similar columns
Saved 50 results to query_results_k1024_t0.1_top50_slurm/job_0/query_002_AdventureWorks2014_salesTerritory.csv_Name.csv
Processing query 3/10: affirmative_asylum.csv.ContinentCountryofNationality
  Loaded 109 values
  Found 50 similar columns
Saved 50 results to query_results_k1024_t0.1_top50_slurm/job_0/query_003_affirmative_asylum.csv_ContinentCountryofNationality.csv
Processing query 4/10: countries_and_continents.csv.name
  Loaded 249 values
  Found 50 similar columns
Saved 50 results to query_results_k1024_t0.1_top50_slurm/job_0/query_004_countries_and_continents.csv_name.csv
Processing query 5/10: countries_and_continents.csv.official_name_en
  Loaded 241 values
  Found 50 similar columns
Saved 50 results to query_results_k1024_t0.1_top50_slurm/job_0/query_005_countries_and_continents.csv_official_name_en.csv
Processing query 6/10: countries_and_continents.csv.ISO4217-currency_country_name
  Loaded 235 values
  Found 50 similar columns
Saved 50 results to query_results_k1024_t0.1_top50_slurm/job_0/query_006_countries_and_continents.csv_ISO4217-currency_country_name.csv
Processing query 7/10: countries_and_continents.csv.official_name_fr
  Loaded 241 values
  Found 50 similar columns
Saved 50 results to query_results_k1024_t0.1_top50_slurm/job_0/query_007_countries_and_continents.csv_official_name_fr.csv
Processing query 8/10: countries_data.csv.CountryName
  Loaded 20058 values
  Found 50 similar columns
Saved 50 results to query_results_k1024_t0.1_top50_slurm/job_0/query_008_countries_data.csv_CountryName.csv
Processing query 9/10: countries_metadatacountries.csv.CountryName
  Loaded 247 values
  Found 50 similar columns
Saved 50 results to query_results_k1024_t0.1_top50_slurm/job_0/query_009_countries_metadatacountries.csv_CountryName.csv
Processing query 10/10: countries_of_the_world.csv.Country
  Loaded 227 values
  Found 50 similar columns
Saved 50 results to query_results_k1024_t0.1_top50_slurm/job_0/query_010_countries_of_the_world.csv_Country.csv

Combined results saved to: query_results_k1024_t0.1_top50_slurm/job_0/all_query_results.csv

=== QUERY PROCESSING STATISTICS ===
Total queries: 10
Successful queries: 10
Failed queries: 0
Total processing time: 129.79s
Total candidates found: 500
Total high-quality candidates: 13080
Average time per query: 12.9789s
Average candidates per query: 50.00
Average high-quality candidates per query: 1308.00
DeepJoin integration: Not used

Query processing completed!
Successful queries: 10/10
Total results: 500
Results saved to: query_results_k1024_t0.1_top50_slurm/job_0
Job 0 completed successfully
