Loading query specifications from datasets/wt/wt_query_columns_no_column_names.csv
Found 119 query specifications
Processing 10 specified queries

Processing 10 queries with similarity_method=chamfer...
Processing query 1/10: AJ-new-york-govs-1_source_Held_Office.title
  Loaded 56 values
Device selected: cuda
Embedding model: embeddinggemma
EmbeddingGemma output dimension: 128
EmbeddingGemma initialized with output_dim=128
  Found 50 similar columns
Processing query 2/10: AJ-new-york-govs-1_source_Political_Party.title
  Loaded 56 values
  Found 50 similar columns
Processing query 3/10: AJ-new-york-govs-2_source_Governor.title
  Loaded 60 values
  Found 50 similar columns
Processing query 4/10: AJ-new-york-govs-2_source_Term_of_office.title
  Loaded 60 values
  Found 50 similar columns
Processing query 5/10: AJ-new-york-govs-2_source_Party.title
  Loaded 60 values
  Found 50 similar columns
Processing query 6/10: AJ-new-york-govs-3_source_Governor_s_Name.title
  Loaded 25 values
  Found 50 similar columns
Processing query 7/10: AJ-new-york-govs-3_source_State.title
  Loaded 25 values
  Found 50 similar columns
Processing query 8/10: AJ-new-york-govs-3_source_Time_in_Office.title
  Loaded 25 values
  Found 50 similar columns
Processing query 9/10: AJ-new-york-govs-3_source_Party.title
  Loaded 25 values
  Found 50 similar columns
Processing query 10/10: AJ-new-york-govs-4_source_Governor.title
  Loaded 58 values
  Found 50 similar columns

Combined results saved to: wt-experiments/wt_query_results_embeddinggemma_D1024_Q1024_chamfer_top50/job_4/all_query_results.csv

=== QUERY PROCESSING STATISTICS ===
Total queries: 10
Successful queries: 10
Failed queries: 0
Total processing time: 20.20s
Total candidates found: 500
Average time per query: 2.0202s
Average candidates per query: 50.00

Query processing completed!
Successful queries: 10/10
Total results: 500
Results saved to: wt-experiments/wt_query_results_embeddinggemma_D1024_Q1024_chamfer_top50/job_4
