Loading query specifications from datasets/wt/wt_query_columns_no_column_names.csv
Found 119 query specifications
Processing 10 specified queries

Processing 10 queries with similarity_method=chamfer...
Processing query 1/10: AJ-us-presidents-4_source_Vice_President.title
  Loaded 78 values
Device selected: cuda
Embedding model: embeddinggemma
EmbeddingGemma output dimension: 128
EmbeddingGemma initialized with output_dim=128
  Found 50 similar columns
Processing query 2/10: AJ-us-presidents-4_source_Vice_President.title
  Loaded 78 values
  Found 50 similar columns
Processing query 3/10: AJ-us-presidents-5_source_OB.title
  Loaded 44 values
  Found 50 similar columns
Processing query 4/10: AJ-us-presidents-5_source_Name.title
  Loaded 44 values
  Found 50 similar columns
Processing query 5/10: AJ-us-presidents-5_source_Birth_Name.title
  Loaded 29 values
  Found 50 similar columns
Processing query 6/10: AJ-us-presidents-5_source_OP.title
  Loaded 44 values
  Found 50 similar columns
Processing query 7/10: AJ-us-presidents-5_source_Birthplace.title
  Loaded 44 values
  Found 50 similar columns
Processing query 8/10: AJ-us-presidents-5_source_State_of_Birth.title
  Loaded 44 values
  Found 50 similar columns
Processing query 9/10: AJ-us-presidents-5_source_AP.title
  Loaded 44 values
  Found 50 similar columns
Processing query 10/10: AJ-us-presidents-6_source_OB.title
  Loaded 44 values
  Found 50 similar columns

Combined results saved to: wt-experiments/wt_query_results_embeddinggemma_D128_Q1024_chamfer_top50/job_10/all_query_results.csv

=== QUERY PROCESSING STATISTICS ===
Total queries: 10
Successful queries: 10
Failed queries: 0
Total processing time: 13.11s
Total candidates found: 500
Average time per query: 1.3108s
Average candidates per query: 50.00

Query processing completed!
Successful queries: 10/10
Total results: 500
Results saved to: wt-experiments/wt_query_results_embeddinggemma_D128_Q1024_chamfer_top50/job_10
