Loading query specifications from datasets/gdc-breakdown/gdc_breakdown_query_columns.csv
Found 56 query specifications
Processing 10 specified queries

Processing 10 queries with similarity_method=greedy_match...
Processing query 1/10: Histological_Subtype_mcdermott.csv.title
  Loaded 92 values
Device selected: cpu
  Found 50 similar columns
Processing query 2/10: Gender_mcdermott.csv.title
  Loaded 93 values
  Found 50 similar columns
Processing query 3/10: Tumor.Stage_krug.csv.title
  Loaded 122 values
  Found 50 similar columns
Processing query 4/10: Ethnicity_krug.csv.title
  Loaded 122 values
  Found 50 similar columns
Processing query 5/10: Gender_krug.csv.title
  Loaded 122 values
  Found 50 similar columns
Processing query 6/10: participant_country_cao.csv.title
  Loaded 140 values
  Found 50 similar columns
Processing query 7/10: tumor_stage_pathological_cao.csv.title
  Loaded 134 values
  Found 50 similar columns
Processing query 8/10: tobacco_smoking_history_cao.csv.title
  Loaded 138 values
  Found 50 similar columns
Processing query 9/10: tumor_site_curated_wang.csv.title
  Loaded 100 values
  Found 50 similar columns
Processing query 10/10: country_of_origin_wang.csv.title
  Loaded 94 values
  Found 50 similar columns

Combined results saved to: gdc-experiments/gdc_query_results_k1024_t0.1_top50_slurm/job_1/all_query_results.csv

=== QUERY PROCESSING STATISTICS ===
Total queries: 10
Successful queries: 10
Failed queries: 0
Total processing time: 85.58s
Total candidates found: 500
Average time per query: 8.5583s
Average candidates per query: 50.00

Query processing completed!
Successful queries: 10/10
Total results: 500
Results saved to: gdc-experiments/gdc_query_results_k1024_t0.1_top50_slurm/job_1
