Loading query specifications from datasets/gdc-autofj/gdc_breakdown_query_columns.csv
Found 56 query specifications
Processing 10 specified queries

Processing 10 queries with similarity_method=greedy_match...
Processing query 1/10: pathologic_staging_regional_lymph_nodes_pn_cao.csv.title
  Loaded 140 values
Device selected: cpu
  Found 50 similar columns
Processing query 2/10: perineural_invasion_cao.csv.title
  Loaded 138 values
  Found 50 similar columns
Processing query 3/10: lymph_vascular_invasion_cao.csv.title
  Loaded 138 values
  Found 50 similar columns
Processing query 4/10: vital_status_cao.csv.title
  Loaded 136 values
  Found 50 similar columns
Processing query 5/10: PN_vasaikar.csv.title
  Loaded 110 values
  Found 50 similar columns
Processing query 6/10: Stage_gilette.csv.title
  Loaded 76 values
  Found 50 similar columns
Processing query 7/10: Gender_gilette.csv.title
  Loaded 215 values
  Found 50 similar columns
Processing query 8/10: Gender_satpathy.csv.title
  Loaded 207 values
  Found 50 similar columns
Processing query 9/10: tumor_laterality_wang.csv.title
  Loaded 100 values
  Found 50 similar columns
Processing query 10/10: ethnicity_wang.csv.title
  Loaded 35 values
  Found 50 similar columns

Combined results saved to: gdc-autofj-experiments/gdc-autofj_query_results_k1024_t0.1_top50_slurm/job_4/all_query_results.csv

=== QUERY PROCESSING STATISTICS ===
Total queries: 10
Successful queries: 10
Failed queries: 0
Total processing time: 120.35s
Total candidates found: 500
Average time per query: 12.0352s
Average candidates per query: 50.00

Query processing completed!
Successful queries: 10/10
Total results: 500
Results saved to: gdc-autofj-experiments/gdc-autofj_query_results_k1024_t0.1_top50_slurm/job_4
