Loading query specifications from datasets/gdc-autofj/gdc_breakdown_query_columns.csv
Found 56 query specifications
Processing 10 specified queries

Processing 10 queries with similarity_method=greedy_match...
Processing query 1/10: Path_Stage_Primary_Tumor_pT_clark.csv.title
  Loaded 110 values
Device selected: cpu
  Found 50 similar columns
Processing query 2/10: FIGO_stage_dou.csv.title
  Loaded 101 values
  Found 50 similar columns
Processing query 3/10: ethnicity_self_identify_wang.csv.title
  Loaded 100 values
  Found 50 similar columns
Processing query 4/10: Stage_satpathy.csv.title
  Loaded 103 values
  Found 50 similar columns
Processing query 5/10: Country.of.Origin_satpathy.csv.title
  Loaded 207 values
  Found 50 similar columns
Processing query 6/10: Ethnicity_satpathy.csv.title
  Loaded 202 values
  Found 50 similar columns
Processing query 7/10: Smoking.History_satpathy.csv.title
  Loaded 197 values
  Found 50 similar columns
Processing query 8/10: gender_wang.csv.title
  Loaded 110 values
  Found 50 similar columns
Processing query 9/10: vital_status_wang.csv.title
  Loaded 108 values
  Found 50 similar columns
Processing query 10/10: pathologic_staging_primary_tumor_pt_cao.csv.title
  Loaded 140 values
  Found 50 similar columns

Combined results saved to: gdc-autofj-experiments/gdc-autofj_query_results_k1024_t0.1_top50_slurm/job_2/all_query_results.csv

=== QUERY PROCESSING STATISTICS ===
Total queries: 10
Successful queries: 10
Failed queries: 0
Total processing time: 125.24s
Total candidates found: 500
Average time per query: 12.5239s
Average candidates per query: 50.00

Query processing completed!
Successful queries: 10/10
Total results: 500
Results saved to: gdc-autofj-experiments/gdc-autofj_query_results_k1024_t0.1_top50_slurm/job_2
