Loading query specifications from datasets/gdc-autofj/gdc_breakdown_query_columns.csv
Found 56 query specifications
Processing 10 specified queries

Processing 10 queries with similarity_method=greedy_match...
Processing query 1/10: Race_dou.csv.title
  Loaded 63 values
Device selected: cpu
  Found 50 similar columns
Processing query 2/10: Country_dou.csv.title
  Loaded 102 values
  Found 50 similar columns
Processing query 3/10: Tumor_Site_dou.csv.title
  Loaded 101 values
  Found 50 similar columns
Processing query 4/10: Ethnicity_dou.csv.title
  Loaded 63 values
  Found 50 similar columns
Processing query 5/10: tumor_site_cao.csv.title
  Loaded 138 values
  Found 50 similar columns
Processing query 6/10: race_cao.csv.title
  Loaded 33 values
  Found 50 similar columns
Processing query 7/10: sex_cao.csv.title
  Loaded 140 values
  Found 50 similar columns
Processing query 8/10: histology_diagnosis_cao.csv.title
  Loaded 140 values
  Found 50 similar columns
Processing query 9/10: Country.of.Origin_gilette.csv.title
  Loaded 215 values
  Found 50 similar columns
Processing query 10/10: Smoking.History_gilette.csv.title
  Loaded 215 values
  Found 50 similar columns

Combined results saved to: gdc-autofj-experiments/gdc-autofj_query_results_k1024_t0.1_top50_slurm/job_3/all_query_results.csv

=== QUERY PROCESSING STATISTICS ===
Total queries: 10
Successful queries: 10
Failed queries: 0
Total processing time: 121.99s
Total candidates found: 500
Average time per query: 12.1993s
Average candidates per query: 50.00

Query processing completed!
Successful queries: 10/10
Total results: 500
Results saved to: gdc-autofj-experiments/gdc-autofj_query_results_k1024_t0.1_top50_slurm/job_3
