Loading query specifications from datasets/wt/wt_query_columns_no_column_names.csv
Found 119 query specifications
Processing 10 specified queries

Processing 10 queries with similarity_method=chamfer...
Processing query 1/10: AJ-park-to-state-2_source_State.title
  Loaded 61 values
Device selected: cuda
Embedding model: embeddinggemma
EmbeddingGemma output dimension: 128
EmbeddingGemma initialized with output_dim=128
  Found 50 similar columns
Processing query 2/10: AJ-park-to-state-2_source_National_Park.title
  Loaded 61 values
  Found 50 similar columns
Processing query 3/10: AJ-park-to-state-2_source_Year_Established.title
  Loaded 61 values
  Found 50 similar columns
Processing query 4/10: AJ-sharif-email-to-url_source_Email.title
  Loaded 690 values
  Found 50 similar columns
Processing query 5/10: AJ-sharif-username-to-email_source_Username.title
  Loaded 690 values
  Found 50 similar columns
Processing query 6/10: AJ-texas-govs-1_source__.title
  Loaded 49 values
  Found 50 similar columns
Processing query 7/10: AJ-texas-govs-1_source_Governor.title
  Loaded 49 values
  Found 50 similar columns
Processing query 8/10: AJ-texas-govs-1_source_Party.title
  Loaded 49 values
  Found 50 similar columns
Processing query 9/10: AJ-texas-govs-2_source_Governor.title
  Loaded 45 values
  Found 50 similar columns
Processing query 10/10: AJ-texas-govs-2_source_Party.title
  Loaded 45 values
  Found 50 similar columns

Combined results saved to: wt-experiments/wt_query_results_embeddinggemma_D128_Q32_chamfer_top50/job_6/all_query_results.csv

=== QUERY PROCESSING STATISTICS ===
Total queries: 10
Successful queries: 10
Failed queries: 0
Total processing time: 14.16s
Total candidates found: 500
Average time per query: 1.4162s
Average candidates per query: 50.00

Query processing completed!
Successful queries: 10/10
Total results: 500
Results saved to: wt-experiments/wt_query_results_embeddinggemma_D128_Q32_chamfer_top50/job_6
