Loading query specifications from datasets/wt/wt_query_columns.csv
Found 119 query specifications
Processing 10 specified queries

Processing 10 queries with similarity_method=greedy_match...
Processing query 1/10: AJ-us-presidents-4_source_Vice_President.Vice President
  Loaded 78 values
Device selected: cpu
  Found 50 similar columns
Processing query 2/10: AJ-us-presidents-4_source_Vice_President.Vice President
  Loaded 78 values
  Found 50 similar columns
Processing query 3/10: AJ-us-presidents-5_source_OB.OB
  Loaded 44 values
  Found 50 similar columns
Processing query 4/10: AJ-us-presidents-5_source_Name.Name
  Loaded 44 values
  Found 50 similar columns
Processing query 5/10: AJ-us-presidents-5_source_Birth_Name.Birth Name
  Loaded 29 values
  Found 50 similar columns
Processing query 6/10: AJ-us-presidents-5_source_OP.OP
  Loaded 44 values
  Found 50 similar columns
Processing query 7/10: AJ-us-presidents-5_source_Birthplace.Birthplace
  Loaded 44 values
  Found 50 similar columns
Processing query 8/10: AJ-us-presidents-5_source_State_of_Birth.State of Birth
  Loaded 44 values
  Found 50 similar columns
Processing query 9/10: AJ-us-presidents-5_source_AP.AP
  Loaded 44 values
  Found 50 similar columns
Processing query 10/10: AJ-us-presidents-6_source_OB.OB
  Loaded 44 values
  Found 50 similar columns

Combined results saved to: wt-experiments/wt_query_results_k1024_t0.1_top50_slurm/job_10/all_query_results.csv

=== QUERY PROCESSING STATISTICS ===
Total queries: 10
Successful queries: 10
Failed queries: 0
Total processing time: 29.54s
Total candidates found: 500
Average time per query: 2.9543s
Average candidates per query: 50.00

Query processing completed!
Successful queries: 10/10
Total results: 500
Results saved to: wt-experiments/wt_query_results_k1024_t0.1_top50_slurm/job_10
