Loading query specifications from datasets/wt/wt_query_columns.csv
Found 119 query specifications
Processing 10 specified queries

Processing 10 queries with similarity_method=greedy_match...
Processing query 1/10: AJ-new-york-govs-4_source_Home_Town__According_to_the_official_N_Y__State_Governor_s_website_.Home Town (According to the official N.Y. State Governor's website)
  Loaded 58 values
Device selected: cpu
  Found 50 similar columns
Processing query 2/10: AJ-new-york-govs-4_source_Term.Term
  Loaded 58 values
  Found 50 similar columns
Processing query 3/10: AJ-new-york-govs-4_source_Party.Party
  Loaded 58 values
  Found 50 similar columns
Processing query 4/10: AJ-new-york-govs-5_source_Governor.Governor
  Loaded 58 values
  Found 50 similar columns
Processing query 5/10: AJ-new-york-govs-5_source_Term_of_office.Term of office
  Loaded 58 values
  Found 50 similar columns
Processing query 6/10: AJ-park-to-state-1_source_Name.Name
  Loaded 59 values
  Found 50 similar columns
Processing query 7/10: AJ-park-to-state-1_source_Location.Location
  Loaded 59 values
  Found 50 similar columns
Processing query 8/10: AJ-park-to-state-1_source_Area.Area
  Loaded 59 values
  Found 50 similar columns
Processing query 9/10: AJ-park-to-state-1_source_Recreation_Visitors__2014_.Recreation Visitors (2014)
  Loaded 59 values
  Found 50 similar columns
Processing query 10/10: AJ-park-to-state-1_source_Description.Description
  Loaded 59 values
  Found 50 similar columns

Combined results saved to: wt-experiments/wt_query_results_k1024_t0.1_top50_slurm/job_5/all_query_results.csv

=== QUERY PROCESSING STATISTICS ===
Total queries: 10
Successful queries: 10
Failed queries: 0
Total processing time: 34.22s
Total candidates found: 500
Average time per query: 3.4223s
Average candidates per query: 50.00

Query processing completed!
Successful queries: 10/10
Total results: 500
Results saved to: wt-experiments/wt_query_results_k1024_t0.1_top50_slurm/job_5
