Loading query specifications from datasets/wt/wt_query_columns.csv
Found 119 query specifications
Processing 10 specified queries

Processing 10 queries with similarity_method=greedy_match...
Processing query 1/10: AJ-california-govs-2_source_Previous_office.Previous office
  Loaded 64 values
Device selected: cpu
  Found 50 similar columns
Processing query 2/10: AJ-california-govs-2_source_Lieutenant_Governor.Lieutenant Governor
  Loaded 66 values
  Found 50 similar columns
Processing query 3/10: AJ-chinese-provinces_source_GB.GB
  Loaded 34 values
  Found 50 similar columns
Processing query 4/10: AJ-chinese-provinces_source_ISO.ISO
  Loaded 34 values
  Found 50 similar columns
Processing query 5/10: AJ-chinese-provinces_source_Province.Province
  Loaded 34 values
  Found 50 similar columns
Processing query 6/10: AJ-chinese-provinces_source_Chinese_Hanyu_Pinyin.Chinese Hanyu Pinyin
  Loaded 34 values
  Found 50 similar columns
Processing query 7/10: AJ-chinese-provinces_source_Capital.Capital
  Loaded 34 values
  Found 50 similar columns
Processing query 8/10: AJ-chinese-provinces_source_Abbreviation.Abbreviation
  Loaded 34 values
  Found 50 similar columns
Processing query 9/10: AJ-christmas-songs-1_source_No.No
  Loaded 100 values
  Found 50 similar columns
Processing query 10/10: AJ-christmas-songs-1_source_Song.Song
  Loaded 100 values
  Found 50 similar columns

Combined results saved to: wt-experiments/wt_query_results_k1024_t0.1_top50_slurm/job_1/all_query_results.csv

=== QUERY PROCESSING STATISTICS ===
Total queries: 10
Successful queries: 10
Failed queries: 0
Total processing time: 31.40s
Total candidates found: 500
Average time per query: 3.1403s
Average candidates per query: 50.00

Query processing completed!
Successful queries: 10/10
Total results: 500
Results saved to: wt-experiments/wt_query_results_k1024_t0.1_top50_slurm/job_1
