Loading query specifications from datasets/wt/wt_query_columns.csv
Found 119 query specifications
Processing 10 specified queries

Processing 10 queries with similarity_method=greedy_match...
Processing query 1/10: AJ-texas-govs-2_source_Years_in_Office.Years in Office
  Loaded 45 values
Device selected: cpu
  Found 50 similar columns
Processing query 2/10: AJ-texas-govs-2_source_Legislatures_as_Governor_.Legislatures as Governor*
  Loaded 45 values
  Found 50 similar columns
Processing query 3/10: AJ-uk-prime-ministers_source_term.term
  Loaded 76 values
  Found 50 similar columns
Processing query 4/10: AJ-uk-prime-ministers_source_name.name
  Loaded 76 values
  Found 50 similar columns
Processing query 5/10: AJ-uk-prime-ministers_source_political_party.political party
  Loaded 76 values
  Found 50 similar columns
Processing query 6/10: AJ-us-cities_source_United_States_Cities.United States Cities
  Loaded 100 values
  Found 50 similar columns
Processing query 7/10: AJ-us-presidents-1_source__.№
  Loaded 67 values
  Found 50 similar columns
Processing query 8/10: AJ-us-presidents-1_source_President.President
  Loaded 67 values
  Found 50 similar columns
Processing query 9/10: AJ-us-presidents-1_source_State.State
  Loaded 67 values
  Found 50 similar columns
Processing query 10/10: AJ-us-presidents-1_source_Term_of_office.Term of office
  Loaded 67 values
  Found 50 similar columns

Combined results saved to: wt-experiments/wt_query_results_k1024_t0.1_top50_slurm/job_7/all_query_results.csv

=== QUERY PROCESSING STATISTICS ===
Total queries: 10
Successful queries: 10
Failed queries: 0
Total processing time: 33.83s
Total candidates found: 500
Average time per query: 3.3828s
Average candidates per query: 50.00

Query processing completed!
Successful queries: 10/10
Total results: 500
Results saved to: wt-experiments/wt_query_results_k1024_t0.1_top50_slurm/job_7
