Loading query specifications from datasets/wt/wt_query_columns.csv
Found 119 query specifications
Processing 9 specified queries

Processing 9 queries with similarity_method=greedy_match...
Processing query 1/9: AJ-us-presidents-6_source_Name.Name
  Loaded 44 values
Device selected: cpu
  Found 50 similar columns
Processing query 2/9: AJ-us-presidents-6_source_Birth_Name.Birth Name
  Loaded 29 values
  Found 50 similar columns
Processing query 3/9: AJ-us-presidents-6_source_OP.OP
  Loaded 44 values
  Found 50 similar columns
Processing query 4/9: AJ-us-presidents-6_source_Birthplace.Birthplace
  Loaded 44 values
  Found 50 similar columns
Processing query 5/9: AJ-us-presidents-6_source_State_of_Birth.State of Birth
  Loaded 44 values
  Found 50 similar columns
Processing query 6/9: AJ-us-presidents-6_source_AP.AP
  Loaded 44 values
  Found 50 similar columns
Processing query 7/9: AJ-vegetables_source_Vegetable.Vegetable
  Loaded 67 values
  Found 50 similar columns
Processing query 8/9: AJ-vegetables_source_Type.Type
  Loaded 65 values
  Found 50 similar columns
Processing query 9/9: names200_source_fullname.fullname
  Loaded 200 values
  Found 50 similar columns

Combined results saved to: wt-experiments/wt_query_results_k1024_t0.1_top50_slurm/job_11/all_query_results.csv

=== QUERY PROCESSING STATISTICS ===
Total queries: 9
Successful queries: 9
Failed queries: 0
Total processing time: 31.61s
Total candidates found: 450
Average time per query: 3.5120s
Average candidates per query: 50.00

Query processing completed!
Successful queries: 9/9
Total results: 450
Results saved to: wt-experiments/wt_query_results_k1024_t0.1_top50_slurm/job_11
