Loading query specifications from datasets/wt/wt_query_columns.csv
Found 119 query specifications
Processing 10 specified queries

Processing 10 queries with similarity_method=greedy_match...
Processing query 1/10: AJ-park-to-state-2_source_State.State
  Loaded 61 values
Device selected: cpu
  Found 50 similar columns
Processing query 2/10: AJ-park-to-state-2_source_National_Park.National Park
  Loaded 61 values
  Found 50 similar columns
Processing query 3/10: AJ-park-to-state-2_source_Year_Established.Year Established
  Loaded 61 values
  Found 50 similar columns
Processing query 4/10: AJ-sharif-email-to-url_source_Email.Email
  Loaded 690 values
  Found 50 similar columns
Processing query 5/10: AJ-sharif-username-to-email_source_Username.Username
  Loaded 690 values
  Found 50 similar columns
Processing query 6/10: AJ-texas-govs-1_source__.#
  Loaded 49 values
  Found 50 similar columns
Processing query 7/10: AJ-texas-govs-1_source_Governor.Governor
  Loaded 49 values
  Found 50 similar columns
Processing query 8/10: AJ-texas-govs-1_source_Party.Party
  Loaded 49 values
  Found 50 similar columns
Processing query 9/10: AJ-texas-govs-2_source_Governor.Governor
  Loaded 45 values
  Found 50 similar columns
Processing query 10/10: AJ-texas-govs-2_source_Party.Party
  Loaded 45 values
  Found 50 similar columns

Combined results saved to: wt-experiments/wt_query_results_k1024_t0.1_top50_slurm/job_6/all_query_results.csv

=== QUERY PROCESSING STATISTICS ===
Total queries: 10
Successful queries: 10
Failed queries: 0
Total processing time: 49.78s
Total candidates found: 500
Average time per query: 4.9785s
Average candidates per query: 50.00

Query processing completed!
Successful queries: 10/10
Total results: 500
Results saved to: wt-experiments/wt_query_results_k1024_t0.1_top50_slurm/job_6
