Loading query specifications from datasets/autofj/query_columns.csv
Found 50 query specifications
Processing 10 specified queries

Processing 10 queries with similarity_method=symmetric_chamfer...
Processing query 1/10: ShoppingMall_left.csv.title
  Loaded 201 values
Device selected: cuda
Embedding model: embeddinggemma
EmbeddingGemma output dimension: 128
EmbeddingGemma initialized with output_dim=128
  Found 50 similar columns
Processing query 2/10: Reptile_left.csv.title
  Loaded 666 values
  Found 50 similar columns
Processing query 3/10: Legislature_left.csv.title
  Loaded 1314 values
  Found 50 similar columns
Processing query 4/10: RugbyLeague_left.csv.title
  Loaded 418 values
  Found 50 similar columns
Processing query 5/10: Drug_left.csv.title
  Loaded 5356 values
  Found 50 similar columns
Processing query 6/10: RailwayLine_left.csv.title
  Loaded 2189 values
  Found 50 similar columns
Processing query 7/10: SoccerLeague_left.csv.title
  Loaded 1315 values
  Found 50 similar columns
Processing query 8/10: Country_left.csv.title
  Loaded 2791 values
  Found 50 similar columns
Processing query 9/10: SoccerClubSeason_left.csv.title
  Loaded 1197 values
  Found 50 similar columns
Processing query 10/10: ChristianBishop_left.csv.title
  Loaded 5363 values
  Found 50 similar columns

Combined results saved to: autofj-experiments/autofj_query_results_embeddinggemma_D64_Q0_symmetric_chamfer_top50_slurm/job_4/all_query_results.csv

=== QUERY PROCESSING STATISTICS ===
Total queries: 10
Successful queries: 10
Failed queries: 0
Total processing time: 9.90s
Total query time (embedding + search): 9.90s
  - Query embedding time: 9.17s
  - Semantic search time: 0.74s
Total candidates found: 500
Average time per query (embedding + search): 0.9904s
  - Avg embedding time per query: 0.9166s
  - Avg search time per query: 0.0738s
Average candidates per query: 50.00

Query processing completed!
Successful queries: 10/10
Total results: 500
Results saved to: autofj-experiments/autofj_query_results_embeddinggemma_D64_Q0_symmetric_chamfer_top50_slurm/job_4
