Loading query specifications from datasets/autofj-santos-small/autofj_query_columns.csv
Found 50 query specifications
Processing 10 specified queries

Processing 10 queries with similarity_method=greedy_match...
Processing query 1/10: PoliticalParty_left.csv.title
  Loaded 5254 values
Device selected: cpu
  Found 50 similar columns
Processing query 2/10: SoccerTournament_left.csv.title
  Loaded 2714 values
  Found 50 similar columns
Processing query 3/10: Tournament_left.csv.title
  Loaded 4858 values
  Found 50 similar columns
Processing query 4/10: FootballMatch_left.csv.title
  Loaded 1999 values
  Found 50 similar columns
Processing query 5/10: EthnicGroup_left.csv.title
  Loaded 4317 values
  Found 50 similar columns
Processing query 6/10: Stadium_left.csv.title
  Loaded 5105 values
  Found 50 similar columns
Processing query 7/10: SportFacility_left.csv.title
  Loaded 6392 values
  Found 50 similar columns
Processing query 8/10: Song_left.csv.title
  Loaded 5726 values
  Found 50 similar columns
Processing query 9/10: GivenName_left.csv.title
  Loaded 3021 values
  Found 50 similar columns
Processing query 10/10: MotorsportSeason_left.csv.title
  Loaded 1465 values
  Found 50 similar columns

Combined results saved to: autofj-santos-experiments/autofj-santos_query_results_k1024_t0.1_top50_slurm/job_1/all_query_results.csv

=== QUERY PROCESSING STATISTICS ===
Total queries: 10
Successful queries: 10
Failed queries: 0
Total processing time: 12440.12s
Total candidates found: 500
Average time per query: 1244.0125s
Average candidates per query: 50.00

Query processing completed!
Successful queries: 10/10
Total results: 500
Results saved to: autofj-santos-experiments/autofj-santos_query_results_k1024_t0.1_top50_slurm/job_1
