Loading query specifications from datasets/autofj-santos-small/autofj_query_columns.csv
Found 50 query specifications
Processing 10 specified queries

Processing 10 queries with similarity_method=greedy_match...
Processing query 1/10: FootballLeagueSeason_left.csv.title
  Loaded 4457 values
Device selected: cpu
  Found 50 similar columns
Processing query 2/10: UnitOfWork_left.csv.title
  Loaded 2483 values
  Found 50 similar columns
Processing query 3/10: Award_left.csv.title
  Loaded 3380 values
  Found 50 similar columns
Processing query 4/10: Artwork_left.csv.title
  Loaded 3112 values
  Found 50 similar columns
Processing query 5/10: TennisTournament_left.csv.title
  Loaded 324 values
  Found 50 similar columns
Processing query 6/10: NaturalEvent_left.csv.title
  Loaded 970 values
  Found 50 similar columns
Processing query 7/10: MemberOfParliament_left.csv.title
  Loaded 5774 values
  Found 50 similar columns
Processing query 8/10: Noble_left.csv.title
  Loaded 3609 values
  Found 50 similar columns
Processing query 9/10: HistoricBuilding_left.csv.title
  Loaded 5064 values
  Found 50 similar columns
Processing query 10/10: GovernmentAgency_left.csv.title
  Loaded 3977 values
  Found 50 similar columns

Combined results saved to: autofj-santos-experiments/autofj-santos_query_results_k1024_t0.1_top50_slurm/job_0/all_query_results.csv

=== QUERY PROCESSING STATISTICS ===
Total queries: 10
Successful queries: 10
Failed queries: 0
Total processing time: 11556.56s
Total candidates found: 500
Average time per query: 1155.6562s
Average candidates per query: 50.00

Query processing completed!
Successful queries: 10/10
Total results: 500
Results saved to: autofj-santos-experiments/autofj-santos_query_results_k1024_t0.1_top50_slurm/job_0
