Loading query specifications from datasets/autofj-santos-small/autofj_query_columns.csv
Found 50 query specifications
Processing 10 specified queries

Processing 10 queries with similarity_method=greedy_match...
Processing query 1/10: Monarch_left.csv.title
  Loaded 2033 values
Device selected: cpu
  Found 50 similar columns
Processing query 2/10: NationalFootballLeagueSeason_left.csv.title
  Loaded 3003 values
  Found 50 similar columns
Processing query 3/10: Race_left.csv.title
  Loaded 2382 values
  Found 50 similar columns
Processing query 4/10: ClericalAdministrativeRegion_left.csv.title
  Loaded 2547 values
  Found 50 similar columns
Processing query 5/10: Museum_left.csv.title
  Loaded 3982 values
  Found 50 similar columns
Processing query 6/10: Election_left.csv.title
  Loaded 6565 values
  Found 50 similar columns
Processing query 7/10: NCAATeamSeason_left.csv.title
  Loaded 5619 values
  Found 50 similar columns
Processing query 8/10: Case_left.csv.title
  Loaded 2474 values
  Found 50 similar columns
Processing query 9/10: Device_left.csv.title
  Loaded 6933 values
  Found 50 similar columns
Processing query 10/10: Venue_left.csv.title
  Loaded 4079 values
  Found 50 similar columns

Combined results saved to: autofj-santos-experiments/autofj-santos_query_results_k1024_t0.1_top50_slurm/job_3/all_query_results.csv

=== QUERY PROCESSING STATISTICS ===
Total queries: 10
Successful queries: 10
Failed queries: 0
Total processing time: 12440.64s
Total candidates found: 500
Average time per query: 1244.0638s
Average candidates per query: 50.00

Query processing completed!
Successful queries: 10/10
Total results: 500
Results saved to: autofj-santos-experiments/autofj-santos_query_results_k1024_t0.1_top50_slurm/job_3
