Loading query specifications from datasets/autofj/query_columns.csv
Found 50 query specifications
Processing 10 specified queries

Processing 10 queries with similarity_method=harmonic_chamfer...
Processing query 1/10: Galaxy_left.csv.title
  Loaded 555 values
Device selected: cuda
Embedding model: embeddinggemma
EmbeddingGemma output dimension: 128
EmbeddingGemma initialized with output_dim=128
  Found 50 similar columns
Processing query 2/10: Wrestler_left.csv.title
  Loaded 3150 values
  Found 50 similar columns
Processing query 3/10: BasketballTeam_left.csv.title
  Loaded 928 values
  Found 50 similar columns
Processing query 4/10: Enzyme_left.csv.title
  Loaded 3917 values
  Found 50 similar columns
Processing query 5/10: ArtificialSatellite_left.csv.title
  Loaded 1801 values
  Found 50 similar columns
Processing query 6/10: SportsLeague_left.csv.title
  Loaded 3106 values
  Found 50 similar columns
Processing query 7/10: Hospital_left.csv.title
  Loaded 2424 values
  Found 50 similar columns
Processing query 8/10: Magazine_left.csv.title
  Loaded 4005 values
  Found 50 similar columns
Processing query 9/10: Amphibian_left.csv.title
  Loaded 3663 values
  Found 50 similar columns
Processing query 10/10: TelevisionStation_left.csv.title
  Loaded 6752 values
  Found 50 similar columns

Combined results saved to: autofj-experiments/autofj_query_results_embeddinggemma_D128_Q0_harmonic_chamfer_top50_slurm/job_2/all_query_results.csv

=== QUERY PROCESSING STATISTICS ===
Total queries: 10
Successful queries: 10
Failed queries: 0
Total processing time: 14.21s
Total query time (embedding + search): 14.21s
  - Query embedding time: 12.89s
  - Semantic search time: 1.32s
Total candidates found: 500
Average time per query (embedding + search): 1.4207s
  - Avg embedding time per query: 1.2887s
  - Avg search time per query: 0.1320s
Average candidates per query: 50.00

Query processing completed!
Successful queries: 10/10
Total results: 500
Results saved to: autofj-experiments/autofj_query_results_embeddinggemma_D128_Q0_harmonic_chamfer_top50_slurm/job_2
