Loading query specifications from datasets/autofj_join_benchmark/autofj_query_columns.csv
Found 50 query specifications
Processing 10 specified queries

Processing 10 queries...
Processing query 1/10: FootballLeagueSeason_left.csv.title
  Loaded 4457 values
Device selected: cpu
  Found 10 similar columns
Saved 10 results to entity-linking-experiments/autofj_query_results_k1024_t0.1_top10_slurm/job_0/query_001_FootballLeagueSeason_left.csv_title.csv
  Saved 200 contributing entities to entity-linking-experiments/autofj_query_results_k1024_t0.1_top10_slurm/job_0/query_001_FootballLeagueSeason_left.csv_title_FootballLeagueSeason_left_title_contributing_entities.csv
  Saved 10 contributing entities to entity-linking-experiments/autofj_query_results_k1024_t0.1_top10_slurm/job_0/query_001_FootballLeagueSeason_left.csv_title_NationalFootballLeagueSeason_right_title_contributing_entities.csv
  Saved 200 contributing entities to entity-linking-experiments/autofj_query_results_k1024_t0.1_top10_slurm/job_0/query_001_FootballLeagueSeason_left.csv_title_NationalFootballLeagueSeason_left_title_contributing_entities.csv
  Saved 200 contributing entities to entity-linking-experiments/autofj_query_results_k1024_t0.1_top10_slurm/job_0/query_001_FootballLeagueSeason_left.csv_title_FootballLeagueSeason_right_title_contributing_entities.csv
  Saved 51 contributing entities to entity-linking-experiments/autofj_query_results_k1024_t0.1_top10_slurm/job_0/query_001_FootballLeagueSeason_left.csv_title_SoccerClubSeason_right_title_contributing_entities.csv
  Saved 34 contributing entities to entity-linking-experiments/autofj_query_results_k1024_t0.1_top10_slurm/job_0/query_001_FootballLeagueSeason_left.csv_title_NCAATeamSeason_right_title_contributing_entities.csv
  Saved 200 contributing entities to entity-linking-experiments/autofj_query_results_k1024_t0.1_top10_slurm/job_0/query_001_FootballLeagueSeason_left.csv_title_SoccerLeague_right_title_contributing_entities.csv
  Saved 200 contributing entities to entity-linking-experiments/autofj_query_results_k1024_t0.1_top10_slurm/job_0/query_001_FootballLeagueSeason_left.csv_title_SoccerTournament_right_title_contributing_entities.csv
  Saved 53 contributing entities to entity-linking-experiments/autofj_query_results_k1024_t0.1_top10_slurm/job_0/query_001_FootballLeagueSeason_left.csv_title_FootballMatch_right_title_contributing_entities.csv
  Saved 27 contributing entities to entity-linking-experiments/autofj_query_results_k1024_t0.1_top10_slurm/job_0/query_001_FootballLeagueSeason_left.csv_title_TennisTournament_right_title_contributing_entities.csv
Processing query 2/10: UnitOfWork_left.csv.title
  Loaded 2483 values
  Found 10 similar columns
Saved 10 results to entity-linking-experiments/autofj_query_results_k1024_t0.1_top10_slurm/job_0/query_002_UnitOfWork_left.csv_title.csv
  Saved 200 contributing entities to entity-linking-experiments/autofj_query_results_k1024_t0.1_top10_slurm/job_0/query_002_UnitOfWork_left.csv_title_Case_left_title_contributing_entities.csv
  Saved 200 contributing entities to entity-linking-experiments/autofj_query_results_k1024_t0.1_top10_slurm/job_0/query_002_UnitOfWork_left.csv_title_UnitOfWork_left_title_contributing_entities.csv
  Saved 200 contributing entities to entity-linking-experiments/autofj_query_results_k1024_t0.1_top10_slurm/job_0/query_002_UnitOfWork_left.csv_title_Case_right_title_contributing_entities.csv
  Saved 200 contributing entities to entity-linking-experiments/autofj_query_results_k1024_t0.1_top10_slurm/job_0/query_002_UnitOfWork_left.csv_title_UnitOfWork_right_title_contributing_entities.csv
  Saved 34 contributing entities to entity-linking-experiments/autofj_query_results_k1024_t0.1_top10_slurm/job_0/query_002_UnitOfWork_left.csv_title_NCAATeamSeason_right_title_contributing_entities.csv
  Saved 200 contributing entities to entity-linking-experiments/autofj_query_results_k1024_t0.1_top10_slurm/job_0/query_002_UnitOfWork_left.csv_title_MemberOfParliament_right_title_contributing_entities.csv
  Saved 10 contributing entities to entity-linking-experiments/autofj_query_results_k1024_t0.1_top10_slurm/job_0/query_002_UnitOfWork_left.csv_title_NationalFootballLeagueSeason_right_title_contributing_entities.csv
  Saved 200 contributing entities to entity-linking-experiments/autofj_query_results_k1024_t0.1_top10_slurm/job_0/query_002_UnitOfWork_left.csv_title_ChristianBishop_right_title_contributing_entities.csv
  Saved 175 contributing entities to entity-linking-experiments/autofj_query_results_k1024_t0.1_top10_slurm/job_0/query_002_UnitOfWork_left.csv_title_Race_right_title_contributing_entities.csv
  Saved 200 contributing entities to entity-linking-experiments/autofj_query_results_k1024_t0.1_top10_slurm/job_0/query_002_UnitOfWork_left.csv_title_MemberOfParliament_left_title_contributing_entities.csv
Processing query 3/10: Award_left.csv.title
  Loaded 3380 values
  Found 10 similar columns
Saved 10 results to entity-linking-experiments/autofj_query_results_k1024_t0.1_top10_slurm/job_0/query_003_Award_left.csv_title.csv
  Saved 200 contributing entities to entity-linking-experiments/autofj_query_results_k1024_t0.1_top10_slurm/job_0/query_003_Award_left.csv_title_Award_right_title_contributing_entities.csv
  Saved 200 contributing entities to entity-linking-experiments/autofj_query_results_k1024_t0.1_top10_slurm/job_0/query_003_Award_left.csv_title_Award_left_title_contributing_entities.csv
  Saved 27 contributing entities to entity-linking-experiments/autofj_query_results_k1024_t0.1_top10_slurm/job_0/query_003_Award_left.csv_title_TennisTournament_right_title_contributing_entities.csv
  Saved 58 contributing entities to entity-linking-experiments/autofj_query_results_k1024_t0.1_top10_slurm/job_0/query_003_Award_left.csv_title_RugbyLeague_right_title_contributing_entities.csv
  Saved 51 contributing entities to entity-linking-experiments/autofj_query_results_k1024_t0.1_top10_slurm/job_0/query_003_Award_left.csv_title_SoccerClubSeason_right_title_contributing_entities.csv
  Saved 10 contributing entities to entity-linking-experiments/autofj_query_results_k1024_t0.1_top10_slurm/job_0/query_003_Award_left.csv_title_NationalFootballLeagueSeason_right_title_contributing_entities.csv
  Saved 175 contributing entities to entity-linking-experiments/autofj_query_results_k1024_t0.1_top10_slurm/job_0/query_003_Award_left.csv_title_Race_right_title_contributing_entities.csv
  Saved 200 contributing entities to entity-linking-experiments/autofj_query_results_k1024_t0.1_top10_slurm/job_0/query_003_Award_left.csv_title_TennisTournament_left_title_contributing_entities.csv
  Saved 34 contributing entities to entity-linking-experiments/autofj_query_results_k1024_t0.1_top10_slurm/job_0/query_003_Award_left.csv_title_NCAATeamSeason_right_title_contributing_entities.csv
  Saved 166 contributing entities to entity-linking-experiments/autofj_query_results_k1024_t0.1_top10_slurm/job_0/query_003_Award_left.csv_title_BasketballTeam_right_title_contributing_entities.csv
Processing query 4/10: Artwork_left.csv.title
  Loaded 3112 values
  Found 10 similar columns
Saved 10 results to entity-linking-experiments/autofj_query_results_k1024_t0.1_top10_slurm/job_0/query_004_Artwork_left.csv_title.csv
  Saved 200 contributing entities to entity-linking-experiments/autofj_query_results_k1024_t0.1_top10_slurm/job_0/query_004_Artwork_left.csv_title_Artwork_right_title_contributing_entities.csv
  Saved 200 contributing entities to entity-linking-experiments/autofj_query_results_k1024_t0.1_top10_slurm/job_0/query_004_Artwork_left.csv_title_Artwork_left_title_contributing_entities.csv
  Saved 154 contributing entities to entity-linking-experiments/autofj_query_results_k1024_t0.1_top10_slurm/job_0/query_004_Artwork_left.csv_title_GivenName_right_title_contributing_entities.csv
  Saved 200 contributing entities to entity-linking-experiments/autofj_query_results_k1024_t0.1_top10_slurm/job_0/query_004_Artwork_left.csv_title_Museum_right_title_contributing_entities.csv
  Saved 200 contributing entities to entity-linking-experiments/autofj_query_results_k1024_t0.1_top10_slurm/job_0/query_004_Artwork_left.csv_title_Monarch_right_title_contributing_entities.csv
  Saved 166 contributing entities to entity-linking-experiments/autofj_query_results_k1024_t0.1_top10_slurm/job_0/query_004_Artwork_left.csv_title_BasketballTeam_right_title_contributing_entities.csv
  Saved 200 contributing entities to entity-linking-experiments/autofj_query_results_k1024_t0.1_top10_slurm/job_0/query_004_Artwork_left.csv_title_ChristianBishop_right_title_contributing_entities.csv
  Saved 200 contributing entities to entity-linking-experiments/autofj_query_results_k1024_t0.1_top10_slurm/job_0/query_004_Artwork_left.csv_title_Noble_right_title_contributing_entities.csv
  Saved 200 contributing entities to entity-linking-experiments/autofj_query_results_k1024_t0.1_top10_slurm/job_0/query_004_Artwork_left.csv_title_Magazine_right_title_contributing_entities.csv
  Saved 200 contributing entities to entity-linking-experiments/autofj_query_results_k1024_t0.1_top10_slurm/job_0/query_004_Artwork_left.csv_title_ChristianBishop_left_title_contributing_entities.csv
Processing query 5/10: TennisTournament_left.csv.title
  Loaded 324 values
  Found 10 similar columns
Saved 10 results to entity-linking-experiments/autofj_query_results_k1024_t0.1_top10_slurm/job_0/query_005_TennisTournament_left.csv_title.csv
  Saved 200 contributing entities to entity-linking-experiments/autofj_query_results_k1024_t0.1_top10_slurm/job_0/query_005_TennisTournament_left.csv_title_TennisTournament_left_title_contributing_entities.csv
  Saved 27 contributing entities to entity-linking-experiments/autofj_query_results_k1024_t0.1_top10_slurm/job_0/query_005_TennisTournament_left.csv_title_TennisTournament_right_title_contributing_entities.csv
  Saved 200 contributing entities to entity-linking-experiments/autofj_query_results_k1024_t0.1_top10_slurm/job_0/query_005_TennisTournament_left.csv_title_Tournament_left_title_contributing_entities.csv
  Saved 200 contributing entities to entity-linking-experiments/autofj_query_results_k1024_t0.1_top10_slurm/job_0/query_005_TennisTournament_left.csv_title_SoccerTournament_left_title_contributing_entities.csv
  Saved 200 contributing entities to entity-linking-experiments/autofj_query_results_k1024_t0.1_top10_slurm/job_0/query_005_TennisTournament_left.csv_title_Tournament_right_title_contributing_entities.csv
  Saved 200 contributing entities to entity-linking-experiments/autofj_query_results_k1024_t0.1_top10_slurm/job_0/query_005_TennisTournament_left.csv_title_MotorsportSeason_left_title_contributing_entities.csv
  Saved 200 contributing entities to entity-linking-experiments/autofj_query_results_k1024_t0.1_top10_slurm/job_0/query_005_TennisTournament_left.csv_title_SportsLeague_left_title_contributing_entities.csv
  Saved 58 contributing entities to entity-linking-experiments/autofj_query_results_k1024_t0.1_top10_slurm/job_0/query_005_TennisTournament_left.csv_title_RugbyLeague_right_title_contributing_entities.csv
  Saved 200 contributing entities to entity-linking-experiments/autofj_query_results_k1024_t0.1_top10_slurm/job_0/query_005_TennisTournament_left.csv_title_MotorsportSeason_right_title_contributing_entities.csv
  Saved 53 contributing entities to entity-linking-experiments/autofj_query_results_k1024_t0.1_top10_slurm/job_0/query_005_TennisTournament_left.csv_title_FootballMatch_right_title_contributing_entities.csv
Processing query 6/10: NaturalEvent_left.csv.title
  Loaded 970 values
  Found 10 similar columns
Saved 10 results to entity-linking-experiments/autofj_query_results_k1024_t0.1_top10_slurm/job_0/query_006_NaturalEvent_left.csv_title.csv
  Saved 200 contributing entities to entity-linking-experiments/autofj_query_results_k1024_t0.1_top10_slurm/job_0/query_006_NaturalEvent_left.csv_title_NaturalEvent_left_title_contributing_entities.csv
  Saved 51 contributing entities to entity-linking-experiments/autofj_query_results_k1024_t0.1_top10_slurm/job_0/query_006_NaturalEvent_left.csv_title_NaturalEvent_right_title_contributing_entities.csv
  Saved 200 contributing entities to entity-linking-experiments/autofj_query_results_k1024_t0.1_top10_slurm/job_0/query_006_NaturalEvent_left.csv_title_Galaxy_left_title_contributing_entities.csv
  Saved 200 contributing entities to entity-linking-experiments/autofj_query_results_k1024_t0.1_top10_slurm/job_0/query_006_NaturalEvent_left.csv_title_RailwayLine_right_title_contributing_entities.csv
  Saved 200 contributing entities to entity-linking-experiments/autofj_query_results_k1024_t0.1_top10_slurm/job_0/query_006_NaturalEvent_left.csv_title_Country_right_title_contributing_entities.csv
  Saved 17 contributing entities to entity-linking-experiments/autofj_query_results_k1024_t0.1_top10_slurm/job_0/query_006_NaturalEvent_left.csv_title_Galaxy_right_title_contributing_entities.csv
  Saved 200 contributing entities to entity-linking-experiments/autofj_query_results_k1024_t0.1_top10_slurm/job_0/query_006_NaturalEvent_left.csv_title_ShoppingMall_left_title_contributing_entities.csv
  Saved 200 contributing entities to entity-linking-experiments/autofj_query_results_k1024_t0.1_top10_slurm/job_0/query_006_NaturalEvent_left.csv_title_Museum_right_title_contributing_entities.csv
  Saved 200 contributing entities to entity-linking-experiments/autofj_query_results_k1024_t0.1_top10_slurm/job_0/query_006_NaturalEvent_left.csv_title_ShoppingMall_right_title_contributing_entities.csv
  Saved 166 contributing entities to entity-linking-experiments/autofj_query_results_k1024_t0.1_top10_slurm/job_0/query_006_NaturalEvent_left.csv_title_BasketballTeam_right_title_contributing_entities.csv
Processing query 7/10: MemberOfParliament_left.csv.title
  Loaded 5774 values
  Found 10 similar columns
Saved 10 results to entity-linking-experiments/autofj_query_results_k1024_t0.1_top10_slurm/job_0/query_007_MemberOfParliament_left.csv_title.csv
  Saved 200 contributing entities to entity-linking-experiments/autofj_query_results_k1024_t0.1_top10_slurm/job_0/query_007_MemberOfParliament_left.csv_title_MemberOfParliament_right_title_contributing_entities.csv
  Saved 200 contributing entities to entity-linking-experiments/autofj_query_results_k1024_t0.1_top10_slurm/job_0/query_007_MemberOfParliament_left.csv_title_MemberOfParliament_left_title_contributing_entities.csv
  Saved 154 contributing entities to entity-linking-experiments/autofj_query_results_k1024_t0.1_top10_slurm/job_0/query_007_MemberOfParliament_left.csv_title_GivenName_right_title_contributing_entities.csv
  Saved 200 contributing entities to entity-linking-experiments/autofj_query_results_k1024_t0.1_top10_slurm/job_0/query_007_MemberOfParliament_left.csv_title_ChristianBishop_left_title_contributing_entities.csv
  Saved 200 contributing entities to entity-linking-experiments/autofj_query_results_k1024_t0.1_top10_slurm/job_0/query_007_MemberOfParliament_left.csv_title_ChristianBishop_right_title_contributing_entities.csv
  Saved 200 contributing entities to entity-linking-experiments/autofj_query_results_k1024_t0.1_top10_slurm/job_0/query_007_MemberOfParliament_left.csv_title_Wrestler_right_title_contributing_entities.csv
  Saved 200 contributing entities to entity-linking-experiments/autofj_query_results_k1024_t0.1_top10_slurm/job_0/query_007_MemberOfParliament_left.csv_title_Monarch_right_title_contributing_entities.csv
  Saved 200 contributing entities to entity-linking-experiments/autofj_query_results_k1024_t0.1_top10_slurm/job_0/query_007_MemberOfParliament_left.csv_title_GivenName_left_title_contributing_entities.csv
  Saved 200 contributing entities to entity-linking-experiments/autofj_query_results_k1024_t0.1_top10_slurm/job_0/query_007_MemberOfParliament_left.csv_title_Wrestler_left_title_contributing_entities.csv
  Saved 200 contributing entities to entity-linking-experiments/autofj_query_results_k1024_t0.1_top10_slurm/job_0/query_007_MemberOfParliament_left.csv_title_Noble_right_title_contributing_entities.csv
Processing query 8/10: Noble_left.csv.title
  Loaded 3609 values
  Found 10 similar columns
Saved 10 results to entity-linking-experiments/autofj_query_results_k1024_t0.1_top10_slurm/job_0/query_008_Noble_left.csv_title.csv
  Saved 200 contributing entities to entity-linking-experiments/autofj_query_results_k1024_t0.1_top10_slurm/job_0/query_008_Noble_left.csv_title_Noble_right_title_contributing_entities.csv
  Saved 200 contributing entities to entity-linking-experiments/autofj_query_results_k1024_t0.1_top10_slurm/job_0/query_008_Noble_left.csv_title_Noble_left_title_contributing_entities.csv
  Saved 154 contributing entities to entity-linking-experiments/autofj_query_results_k1024_t0.1_top10_slurm/job_0/query_008_Noble_left.csv_title_GivenName_right_title_contributing_entities.csv
  Saved 200 contributing entities to entity-linking-experiments/autofj_query_results_k1024_t0.1_top10_slurm/job_0/query_008_Noble_left.csv_title_ChristianBishop_right_title_contributing_entities.csv
  Saved 200 contributing entities to entity-linking-experiments/autofj_query_results_k1024_t0.1_top10_slurm/job_0/query_008_Noble_left.csv_title_Monarch_right_title_contributing_entities.csv
  Saved 200 contributing entities to entity-linking-experiments/autofj_query_results_k1024_t0.1_top10_slurm/job_0/query_008_Noble_left.csv_title_MemberOfParliament_right_title_contributing_entities.csv
  Saved 200 contributing entities to entity-linking-experiments/autofj_query_results_k1024_t0.1_top10_slurm/job_0/query_008_Noble_left.csv_title_Country_right_title_contributing_entities.csv
  Saved 166 contributing entities to entity-linking-experiments/autofj_query_results_k1024_t0.1_top10_slurm/job_0/query_008_Noble_left.csv_title_BasketballTeam_right_title_contributing_entities.csv
  Saved 200 contributing entities to entity-linking-experiments/autofj_query_results_k1024_t0.1_top10_slurm/job_0/query_008_Noble_left.csv_title_ChristianBishop_left_title_contributing_entities.csv
  Saved 200 contributing entities to entity-linking-experiments/autofj_query_results_k1024_t0.1_top10_slurm/job_0/query_008_Noble_left.csv_title_Artwork_right_title_contributing_entities.csv
Processing query 9/10: HistoricBuilding_left.csv.title
  Loaded 5064 values
  Found 10 similar columns
Saved 10 results to entity-linking-experiments/autofj_query_results_k1024_t0.1_top10_slurm/job_0/query_009_HistoricBuilding_left.csv_title.csv
  Saved 200 contributing entities to entity-linking-experiments/autofj_query_results_k1024_t0.1_top10_slurm/job_0/query_009_HistoricBuilding_left.csv_title_HistoricBuilding_right_title_contributing_entities.csv
  Saved 200 contributing entities to entity-linking-experiments/autofj_query_results_k1024_t0.1_top10_slurm/job_0/query_009_HistoricBuilding_left.csv_title_HistoricBuilding_left_title_contributing_entities.csv
  Saved 190 contributing entities to entity-linking-experiments/autofj_query_results_k1024_t0.1_top10_slurm/job_0/query_009_HistoricBuilding_left.csv_title_ClericalAdministrativeRegion_right_title_contributing_entities.csv
  Saved 200 contributing entities to entity-linking-experiments/autofj_query_results_k1024_t0.1_top10_slurm/job_0/query_009_HistoricBuilding_left.csv_title_ClericalAdministrativeRegion_left_title_contributing_entities.csv
  Saved 200 contributing entities to entity-linking-experiments/autofj_query_results_k1024_t0.1_top10_slurm/job_0/query_009_HistoricBuilding_left.csv_title_ChristianBishop_right_title_contributing_entities.csv
  Saved 200 contributing entities to entity-linking-experiments/autofj_query_results_k1024_t0.1_top10_slurm/job_0/query_009_HistoricBuilding_left.csv_title_ShoppingMall_left_title_contributing_entities.csv
  Saved 200 contributing entities to entity-linking-experiments/autofj_query_results_k1024_t0.1_top10_slurm/job_0/query_009_HistoricBuilding_left.csv_title_Museum_right_title_contributing_entities.csv
  Saved 200 contributing entities to entity-linking-experiments/autofj_query_results_k1024_t0.1_top10_slurm/job_0/query_009_HistoricBuilding_left.csv_title_ShoppingMall_right_title_contributing_entities.csv
  Saved 154 contributing entities to entity-linking-experiments/autofj_query_results_k1024_t0.1_top10_slurm/job_0/query_009_HistoricBuilding_left.csv_title_GivenName_right_title_contributing_entities.csv
  Saved 200 contributing entities to entity-linking-experiments/autofj_query_results_k1024_t0.1_top10_slurm/job_0/query_009_HistoricBuilding_left.csv_title_Hospital_right_title_contributing_entities.csv
Processing query 10/10: GovernmentAgency_left.csv.title
  Loaded 3977 values
  Found 10 similar columns
Saved 10 results to entity-linking-experiments/autofj_query_results_k1024_t0.1_top10_slurm/job_0/query_010_GovernmentAgency_left.csv_title.csv
  Saved 200 contributing entities to entity-linking-experiments/autofj_query_results_k1024_t0.1_top10_slurm/job_0/query_010_GovernmentAgency_left.csv_title_GovernmentAgency_right_title_contributing_entities.csv
  Saved 200 contributing entities to entity-linking-experiments/autofj_query_results_k1024_t0.1_top10_slurm/job_0/query_010_GovernmentAgency_left.csv_title_GovernmentAgency_left_title_contributing_entities.csv
  Saved 200 contributing entities to entity-linking-experiments/autofj_query_results_k1024_t0.1_top10_slurm/job_0/query_010_GovernmentAgency_left.csv_title_Legislature_right_title_contributing_entities.csv
  Saved 200 contributing entities to entity-linking-experiments/autofj_query_results_k1024_t0.1_top10_slurm/job_0/query_010_GovernmentAgency_left.csv_title_Legislature_left_title_contributing_entities.csv
  Saved 200 contributing entities to entity-linking-experiments/autofj_query_results_k1024_t0.1_top10_slurm/job_0/query_010_GovernmentAgency_left.csv_title_Hospital_right_title_contributing_entities.csv
  Saved 200 contributing entities to entity-linking-experiments/autofj_query_results_k1024_t0.1_top10_slurm/job_0/query_010_GovernmentAgency_left.csv_title_PoliticalParty_right_title_contributing_entities.csv
  Saved 190 contributing entities to entity-linking-experiments/autofj_query_results_k1024_t0.1_top10_slurm/job_0/query_010_GovernmentAgency_left.csv_title_ClericalAdministrativeRegion_right_title_contributing_entities.csv
  Saved 200 contributing entities to entity-linking-experiments/autofj_query_results_k1024_t0.1_top10_slurm/job_0/query_010_GovernmentAgency_left.csv_title_Museum_right_title_contributing_entities.csv
  Saved 200 contributing entities to entity-linking-experiments/autofj_query_results_k1024_t0.1_top10_slurm/job_0/query_010_GovernmentAgency_left.csv_title_Country_right_title_contributing_entities.csv
  Saved 72 contributing entities to entity-linking-experiments/autofj_query_results_k1024_t0.1_top10_slurm/job_0/query_010_GovernmentAgency_left.csv_title_ArtificialSatellite_right_title_contributing_entities.csv

Combined results saved to: entity-linking-experiments/autofj_query_results_k1024_t0.1_top10_slurm/job_0/all_query_results.csv

=== QUERY PROCESSING STATISTICS ===
Total queries: 10
Successful queries: 10
Failed queries: 0
Total processing time: 552.54s
Total candidates found: 100
Total high-quality candidates: 2000
Average time per query: 55.2544s
Average candidates per query: 10.00
Average high-quality candidates per query: 200.00

Query processing completed!
Successful queries: 10/10
Total results: 100
Results saved to: entity-linking-experiments/autofj_query_results_k1024_t0.1_top10_slurm/job_0
