Loading query specifications from datasets/autofj_join_benchmark/autofj_query_columns.csv
Found 50 query specifications
Processing 10 specified queries

Processing 10 queries...
Processing query 1/10: Monarch_left.csv.title
  Loaded 2033 values
Device selected: cpu
  Found 10 similar columns
Saved 10 results to entity-linking-experiments/autofj_query_results_k1024_t0.1_top10_slurm/job_3/query_001_Monarch_left.csv_title.csv
  Saved 200 contributing entities to entity-linking-experiments/autofj_query_results_k1024_t0.1_top10_slurm/job_3/query_001_Monarch_left.csv_title_Monarch_left_title_contributing_entities.csv
  Saved 200 contributing entities to entity-linking-experiments/autofj_query_results_k1024_t0.1_top10_slurm/job_3/query_001_Monarch_left.csv_title_Monarch_right_title_contributing_entities.csv
  Saved 154 contributing entities to entity-linking-experiments/autofj_query_results_k1024_t0.1_top10_slurm/job_3/query_001_Monarch_left.csv_title_GivenName_right_title_contributing_entities.csv
  Saved 200 contributing entities to entity-linking-experiments/autofj_query_results_k1024_t0.1_top10_slurm/job_3/query_001_Monarch_left.csv_title_Country_right_title_contributing_entities.csv
  Saved 200 contributing entities to entity-linking-experiments/autofj_query_results_k1024_t0.1_top10_slurm/job_3/query_001_Monarch_left.csv_title_Noble_right_title_contributing_entities.csv
  Saved 200 contributing entities to entity-linking-experiments/autofj_query_results_k1024_t0.1_top10_slurm/job_3/query_001_Monarch_left.csv_title_ChristianBishop_right_title_contributing_entities.csv
  Saved 166 contributing entities to entity-linking-experiments/autofj_query_results_k1024_t0.1_top10_slurm/job_3/query_001_Monarch_left.csv_title_BasketballTeam_right_title_contributing_entities.csv
  Saved 200 contributing entities to entity-linking-experiments/autofj_query_results_k1024_t0.1_top10_slurm/job_3/query_001_Monarch_left.csv_title_GivenName_left_title_contributing_entities.csv
  Saved 200 contributing entities to entity-linking-experiments/autofj_query_results_k1024_t0.1_top10_slurm/job_3/query_001_Monarch_left.csv_title_Noble_left_title_contributing_entities.csv
  Saved 200 contributing entities to entity-linking-experiments/autofj_query_results_k1024_t0.1_top10_slurm/job_3/query_001_Monarch_left.csv_title_ChristianBishop_left_title_contributing_entities.csv
Processing query 2/10: NationalFootballLeagueSeason_left.csv.title
  Loaded 3003 values
  Found 10 similar columns
Saved 10 results to entity-linking-experiments/autofj_query_results_k1024_t0.1_top10_slurm/job_3/query_002_NationalFootballLeagueSeason_left.csv_title.csv
  Saved 200 contributing entities to entity-linking-experiments/autofj_query_results_k1024_t0.1_top10_slurm/job_3/query_002_NationalFootballLeagueSeason_left.csv_title_NationalFootballLeagueSeason_left_title_contributing_entities.csv
  Saved 10 contributing entities to entity-linking-experiments/autofj_query_results_k1024_t0.1_top10_slurm/job_3/query_002_NationalFootballLeagueSeason_left.csv_title_NationalFootballLeagueSeason_right_title_contributing_entities.csv
  Saved 200 contributing entities to entity-linking-experiments/autofj_query_results_k1024_t0.1_top10_slurm/job_3/query_002_NationalFootballLeagueSeason_left.csv_title_FootballLeagueSeason_left_title_contributing_entities.csv
  Saved 34 contributing entities to entity-linking-experiments/autofj_query_results_k1024_t0.1_top10_slurm/job_3/query_002_NationalFootballLeagueSeason_left.csv_title_NCAATeamSeason_right_title_contributing_entities.csv
  Saved 200 contributing entities to entity-linking-experiments/autofj_query_results_k1024_t0.1_top10_slurm/job_3/query_002_NationalFootballLeagueSeason_left.csv_title_NCAATeamSeason_left_title_contributing_entities.csv
  Saved 51 contributing entities to entity-linking-experiments/autofj_query_results_k1024_t0.1_top10_slurm/job_3/query_002_NationalFootballLeagueSeason_left.csv_title_SoccerClubSeason_right_title_contributing_entities.csv
  Saved 200 contributing entities to entity-linking-experiments/autofj_query_results_k1024_t0.1_top10_slurm/job_3/query_002_NationalFootballLeagueSeason_left.csv_title_SoccerClubSeason_left_title_contributing_entities.csv
  Saved 200 contributing entities to entity-linking-experiments/autofj_query_results_k1024_t0.1_top10_slurm/job_3/query_002_NationalFootballLeagueSeason_left.csv_title_FootballLeagueSeason_right_title_contributing_entities.csv
  Saved 53 contributing entities to entity-linking-experiments/autofj_query_results_k1024_t0.1_top10_slurm/job_3/query_002_NationalFootballLeagueSeason_left.csv_title_FootballMatch_right_title_contributing_entities.csv
  Saved 27 contributing entities to entity-linking-experiments/autofj_query_results_k1024_t0.1_top10_slurm/job_3/query_002_NationalFootballLeagueSeason_left.csv_title_TennisTournament_right_title_contributing_entities.csv
Processing query 3/10: Race_left.csv.title
  Loaded 2382 values
  Found 10 similar columns
Saved 10 results to entity-linking-experiments/autofj_query_results_k1024_t0.1_top10_slurm/job_3/query_003_Race_left.csv_title.csv
  Saved 200 contributing entities to entity-linking-experiments/autofj_query_results_k1024_t0.1_top10_slurm/job_3/query_003_Race_left.csv_title_Race_left_title_contributing_entities.csv
  Saved 175 contributing entities to entity-linking-experiments/autofj_query_results_k1024_t0.1_top10_slurm/job_3/query_003_Race_left.csv_title_Race_right_title_contributing_entities.csv
  Saved 27 contributing entities to entity-linking-experiments/autofj_query_results_k1024_t0.1_top10_slurm/job_3/query_003_Race_left.csv_title_TennisTournament_right_title_contributing_entities.csv
  Saved 58 contributing entities to entity-linking-experiments/autofj_query_results_k1024_t0.1_top10_slurm/job_3/query_003_Race_left.csv_title_RugbyLeague_right_title_contributing_entities.csv
  Saved 200 contributing entities to entity-linking-experiments/autofj_query_results_k1024_t0.1_top10_slurm/job_3/query_003_Race_left.csv_title_TennisTournament_left_title_contributing_entities.csv
  Saved 51 contributing entities to entity-linking-experiments/autofj_query_results_k1024_t0.1_top10_slurm/job_3/query_003_Race_left.csv_title_SoccerClubSeason_right_title_contributing_entities.csv
  Saved 200 contributing entities to entity-linking-experiments/autofj_query_results_k1024_t0.1_top10_slurm/job_3/query_003_Race_left.csv_title_MotorsportSeason_right_title_contributing_entities.csv
  Saved 53 contributing entities to entity-linking-experiments/autofj_query_results_k1024_t0.1_top10_slurm/job_3/query_003_Race_left.csv_title_FootballMatch_right_title_contributing_entities.csv
  Saved 200 contributing entities to entity-linking-experiments/autofj_query_results_k1024_t0.1_top10_slurm/job_3/query_003_Race_left.csv_title_RugbyLeague_left_title_contributing_entities.csv
  Saved 166 contributing entities to entity-linking-experiments/autofj_query_results_k1024_t0.1_top10_slurm/job_3/query_003_Race_left.csv_title_BasketballTeam_right_title_contributing_entities.csv
Processing query 4/10: ClericalAdministrativeRegion_left.csv.title
  Loaded 2547 values
  Found 10 similar columns
Saved 10 results to entity-linking-experiments/autofj_query_results_k1024_t0.1_top10_slurm/job_3/query_004_ClericalAdministrativeRegion_left.csv_title.csv
  Saved 200 contributing entities to entity-linking-experiments/autofj_query_results_k1024_t0.1_top10_slurm/job_3/query_004_ClericalAdministrativeRegion_left.csv_title_ClericalAdministrativeRegion_left_title_contributing_entities.csv
  Saved 190 contributing entities to entity-linking-experiments/autofj_query_results_k1024_t0.1_top10_slurm/job_3/query_004_ClericalAdministrativeRegion_left.csv_title_ClericalAdministrativeRegion_right_title_contributing_entities.csv
  Saved 200 contributing entities to entity-linking-experiments/autofj_query_results_k1024_t0.1_top10_slurm/job_3/query_004_ClericalAdministrativeRegion_left.csv_title_HistoricBuilding_right_title_contributing_entities.csv
  Saved 200 contributing entities to entity-linking-experiments/autofj_query_results_k1024_t0.1_top10_slurm/job_3/query_004_ClericalAdministrativeRegion_left.csv_title_Legislature_right_title_contributing_entities.csv
  Saved 200 contributing entities to entity-linking-experiments/autofj_query_results_k1024_t0.1_top10_slurm/job_3/query_004_ClericalAdministrativeRegion_left.csv_title_HistoricBuilding_left_title_contributing_entities.csv
  Saved 200 contributing entities to entity-linking-experiments/autofj_query_results_k1024_t0.1_top10_slurm/job_3/query_004_ClericalAdministrativeRegion_left.csv_title_ChristianBishop_right_title_contributing_entities.csv
  Saved 200 contributing entities to entity-linking-experiments/autofj_query_results_k1024_t0.1_top10_slurm/job_3/query_004_ClericalAdministrativeRegion_left.csv_title_Legislature_left_title_contributing_entities.csv
  Saved 200 contributing entities to entity-linking-experiments/autofj_query_results_k1024_t0.1_top10_slurm/job_3/query_004_ClericalAdministrativeRegion_left.csv_title_Hospital_right_title_contributing_entities.csv
  Saved 200 contributing entities to entity-linking-experiments/autofj_query_results_k1024_t0.1_top10_slurm/job_3/query_004_ClericalAdministrativeRegion_left.csv_title_Country_right_title_contributing_entities.csv
  Saved 200 contributing entities to entity-linking-experiments/autofj_query_results_k1024_t0.1_top10_slurm/job_3/query_004_ClericalAdministrativeRegion_left.csv_title_Noble_right_title_contributing_entities.csv
Processing query 5/10: Museum_left.csv.title
  Loaded 3982 values
  Found 10 similar columns
Saved 10 results to entity-linking-experiments/autofj_query_results_k1024_t0.1_top10_slurm/job_3/query_005_Museum_left.csv_title.csv
  Saved 200 contributing entities to entity-linking-experiments/autofj_query_results_k1024_t0.1_top10_slurm/job_3/query_005_Museum_left.csv_title_Museum_right_title_contributing_entities.csv
  Saved 200 contributing entities to entity-linking-experiments/autofj_query_results_k1024_t0.1_top10_slurm/job_3/query_005_Museum_left.csv_title_Museum_left_title_contributing_entities.csv
  Saved 200 contributing entities to entity-linking-experiments/autofj_query_results_k1024_t0.1_top10_slurm/job_3/query_005_Museum_left.csv_title_ShoppingMall_left_title_contributing_entities.csv
  Saved 200 contributing entities to entity-linking-experiments/autofj_query_results_k1024_t0.1_top10_slurm/job_3/query_005_Museum_left.csv_title_ShoppingMall_right_title_contributing_entities.csv
  Saved 200 contributing entities to entity-linking-experiments/autofj_query_results_k1024_t0.1_top10_slurm/job_3/query_005_Museum_left.csv_title_Venue_right_title_contributing_entities.csv
  Saved 200 contributing entities to entity-linking-experiments/autofj_query_results_k1024_t0.1_top10_slurm/job_3/query_005_Museum_left.csv_title_HistoricBuilding_right_title_contributing_entities.csv
  Saved 200 contributing entities to entity-linking-experiments/autofj_query_results_k1024_t0.1_top10_slurm/job_3/query_005_Museum_left.csv_title_Artwork_right_title_contributing_entities.csv
  Saved 200 contributing entities to entity-linking-experiments/autofj_query_results_k1024_t0.1_top10_slurm/job_3/query_005_Museum_left.csv_title_Country_right_title_contributing_entities.csv
  Saved 166 contributing entities to entity-linking-experiments/autofj_query_results_k1024_t0.1_top10_slurm/job_3/query_005_Museum_left.csv_title_BasketballTeam_right_title_contributing_entities.csv
  Saved 154 contributing entities to entity-linking-experiments/autofj_query_results_k1024_t0.1_top10_slurm/job_3/query_005_Museum_left.csv_title_GivenName_right_title_contributing_entities.csv
Processing query 6/10: Election_left.csv.title
  Loaded 6565 values
  Found 10 similar columns
Saved 10 results to entity-linking-experiments/autofj_query_results_k1024_t0.1_top10_slurm/job_3/query_006_Election_left.csv_title.csv
  Saved 200 contributing entities to entity-linking-experiments/autofj_query_results_k1024_t0.1_top10_slurm/job_3/query_006_Election_left.csv_title_Election_left_title_contributing_entities.csv
  Saved 200 contributing entities to entity-linking-experiments/autofj_query_results_k1024_t0.1_top10_slurm/job_3/query_006_Election_left.csv_title_Election_right_title_contributing_entities.csv
  Saved 200 contributing entities to entity-linking-experiments/autofj_query_results_k1024_t0.1_top10_slurm/job_3/query_006_Election_left.csv_title_Legislature_right_title_contributing_entities.csv
  Saved 200 contributing entities to entity-linking-experiments/autofj_query_results_k1024_t0.1_top10_slurm/job_3/query_006_Election_left.csv_title_Legislature_left_title_contributing_entities.csv
  Saved 200 contributing entities to entity-linking-experiments/autofj_query_results_k1024_t0.1_top10_slurm/job_3/query_006_Election_left.csv_title_PoliticalParty_right_title_contributing_entities.csv
  Saved 200 contributing entities to entity-linking-experiments/autofj_query_results_k1024_t0.1_top10_slurm/job_3/query_006_Election_left.csv_title_MemberOfParliament_right_title_contributing_entities.csv
  Saved 51 contributing entities to entity-linking-experiments/autofj_query_results_k1024_t0.1_top10_slurm/job_3/query_006_Election_left.csv_title_NaturalEvent_right_title_contributing_entities.csv
  Saved 200 contributing entities to entity-linking-experiments/autofj_query_results_k1024_t0.1_top10_slurm/job_3/query_006_Election_left.csv_title_Country_right_title_contributing_entities.csv
  Saved 190 contributing entities to entity-linking-experiments/autofj_query_results_k1024_t0.1_top10_slurm/job_3/query_006_Election_left.csv_title_ClericalAdministrativeRegion_right_title_contributing_entities.csv
  Saved 200 contributing entities to entity-linking-experiments/autofj_query_results_k1024_t0.1_top10_slurm/job_3/query_006_Election_left.csv_title_GovernmentAgency_right_title_contributing_entities.csv
Processing query 7/10: NCAATeamSeason_left.csv.title
  Loaded 5619 values
  Found 10 similar columns
Saved 10 results to entity-linking-experiments/autofj_query_results_k1024_t0.1_top10_slurm/job_3/query_007_NCAATeamSeason_left.csv_title.csv
  Saved 200 contributing entities to entity-linking-experiments/autofj_query_results_k1024_t0.1_top10_slurm/job_3/query_007_NCAATeamSeason_left.csv_title_NCAATeamSeason_left_title_contributing_entities.csv
  Saved 34 contributing entities to entity-linking-experiments/autofj_query_results_k1024_t0.1_top10_slurm/job_3/query_007_NCAATeamSeason_left.csv_title_NCAATeamSeason_right_title_contributing_entities.csv
  Saved 10 contributing entities to entity-linking-experiments/autofj_query_results_k1024_t0.1_top10_slurm/job_3/query_007_NCAATeamSeason_left.csv_title_NationalFootballLeagueSeason_right_title_contributing_entities.csv
  Saved 200 contributing entities to entity-linking-experiments/autofj_query_results_k1024_t0.1_top10_slurm/job_3/query_007_NCAATeamSeason_left.csv_title_NationalFootballLeagueSeason_left_title_contributing_entities.csv
  Saved 51 contributing entities to entity-linking-experiments/autofj_query_results_k1024_t0.1_top10_slurm/job_3/query_007_NCAATeamSeason_left.csv_title_SoccerClubSeason_right_title_contributing_entities.csv
  Saved 200 contributing entities to entity-linking-experiments/autofj_query_results_k1024_t0.1_top10_slurm/job_3/query_007_NCAATeamSeason_left.csv_title_FootballLeagueSeason_left_title_contributing_entities.csv
  Saved 200 contributing entities to entity-linking-experiments/autofj_query_results_k1024_t0.1_top10_slurm/job_3/query_007_NCAATeamSeason_left.csv_title_SoccerClubSeason_left_title_contributing_entities.csv
  Saved 200 contributing entities to entity-linking-experiments/autofj_query_results_k1024_t0.1_top10_slurm/job_3/query_007_NCAATeamSeason_left.csv_title_FootballLeagueSeason_right_title_contributing_entities.csv
  Saved 200 contributing entities to entity-linking-experiments/autofj_query_results_k1024_t0.1_top10_slurm/job_3/query_007_NCAATeamSeason_left.csv_title_SoccerTournament_right_title_contributing_entities.csv
  Saved 53 contributing entities to entity-linking-experiments/autofj_query_results_k1024_t0.1_top10_slurm/job_3/query_007_NCAATeamSeason_left.csv_title_FootballMatch_right_title_contributing_entities.csv
Processing query 8/10: Case_left.csv.title
  Loaded 2474 values
  Found 10 similar columns
Saved 10 results to entity-linking-experiments/autofj_query_results_k1024_t0.1_top10_slurm/job_3/query_008_Case_left.csv_title.csv
  Saved 200 contributing entities to entity-linking-experiments/autofj_query_results_k1024_t0.1_top10_slurm/job_3/query_008_Case_left.csv_title_Case_left_title_contributing_entities.csv
  Saved 200 contributing entities to entity-linking-experiments/autofj_query_results_k1024_t0.1_top10_slurm/job_3/query_008_Case_left.csv_title_UnitOfWork_left_title_contributing_entities.csv
  Saved 200 contributing entities to entity-linking-experiments/autofj_query_results_k1024_t0.1_top10_slurm/job_3/query_008_Case_left.csv_title_Case_right_title_contributing_entities.csv
  Saved 200 contributing entities to entity-linking-experiments/autofj_query_results_k1024_t0.1_top10_slurm/job_3/query_008_Case_left.csv_title_UnitOfWork_right_title_contributing_entities.csv
  Saved 200 contributing entities to entity-linking-experiments/autofj_query_results_k1024_t0.1_top10_slurm/job_3/query_008_Case_left.csv_title_MemberOfParliament_right_title_contributing_entities.csv
  Saved 34 contributing entities to entity-linking-experiments/autofj_query_results_k1024_t0.1_top10_slurm/job_3/query_008_Case_left.csv_title_NCAATeamSeason_right_title_contributing_entities.csv
  Saved 10 contributing entities to entity-linking-experiments/autofj_query_results_k1024_t0.1_top10_slurm/job_3/query_008_Case_left.csv_title_NationalFootballLeagueSeason_right_title_contributing_entities.csv
  Saved 200 contributing entities to entity-linking-experiments/autofj_query_results_k1024_t0.1_top10_slurm/job_3/query_008_Case_left.csv_title_ChristianBishop_right_title_contributing_entities.csv
  Saved 200 contributing entities to entity-linking-experiments/autofj_query_results_k1024_t0.1_top10_slurm/job_3/query_008_Case_left.csv_title_Legislature_right_title_contributing_entities.csv
  Saved 200 contributing entities to entity-linking-experiments/autofj_query_results_k1024_t0.1_top10_slurm/job_3/query_008_Case_left.csv_title_MemberOfParliament_left_title_contributing_entities.csv
Processing query 9/10: Device_left.csv.title
  Loaded 6933 values
  Found 10 similar columns
Saved 10 results to entity-linking-experiments/autofj_query_results_k1024_t0.1_top10_slurm/job_3/query_009_Device_left.csv_title.csv
  Saved 200 contributing entities to entity-linking-experiments/autofj_query_results_k1024_t0.1_top10_slurm/job_3/query_009_Device_left.csv_title_Device_right_title_contributing_entities.csv
  Saved 200 contributing entities to entity-linking-experiments/autofj_query_results_k1024_t0.1_top10_slurm/job_3/query_009_Device_left.csv_title_Device_left_title_contributing_entities.csv
  Saved 72 contributing entities to entity-linking-experiments/autofj_query_results_k1024_t0.1_top10_slurm/job_3/query_009_Device_left.csv_title_ArtificialSatellite_right_title_contributing_entities.csv
  Saved 17 contributing entities to entity-linking-experiments/autofj_query_results_k1024_t0.1_top10_slurm/job_3/query_009_Device_left.csv_title_Galaxy_right_title_contributing_entities.csv
  Saved 157 contributing entities to entity-linking-experiments/autofj_query_results_k1024_t0.1_top10_slurm/job_3/query_009_Device_left.csv_title_Drug_right_title_contributing_entities.csv
  Saved 154 contributing entities to entity-linking-experiments/autofj_query_results_k1024_t0.1_top10_slurm/job_3/query_009_Device_left.csv_title_GivenName_right_title_contributing_entities.csv
  Saved 166 contributing entities to entity-linking-experiments/autofj_query_results_k1024_t0.1_top10_slurm/job_3/query_009_Device_left.csv_title_BasketballTeam_right_title_contributing_entities.csv
  Saved 200 contributing entities to entity-linking-experiments/autofj_query_results_k1024_t0.1_top10_slurm/job_3/query_009_Device_left.csv_title_ArtificialSatellite_left_title_contributing_entities.csv
  Saved 200 contributing entities to entity-linking-experiments/autofj_query_results_k1024_t0.1_top10_slurm/job_3/query_009_Device_left.csv_title_Galaxy_left_title_contributing_entities.csv
  Saved 200 contributing entities to entity-linking-experiments/autofj_query_results_k1024_t0.1_top10_slurm/job_3/query_009_Device_left.csv_title_Monarch_right_title_contributing_entities.csv
Processing query 10/10: Venue_left.csv.title
  Loaded 4079 values
  Found 10 similar columns
Saved 10 results to entity-linking-experiments/autofj_query_results_k1024_t0.1_top10_slurm/job_3/query_010_Venue_left.csv_title.csv
  Saved 200 contributing entities to entity-linking-experiments/autofj_query_results_k1024_t0.1_top10_slurm/job_3/query_010_Venue_left.csv_title_Venue_right_title_contributing_entities.csv
  Saved 200 contributing entities to entity-linking-experiments/autofj_query_results_k1024_t0.1_top10_slurm/job_3/query_010_Venue_left.csv_title_Venue_left_title_contributing_entities.csv
  Saved 200 contributing entities to entity-linking-experiments/autofj_query_results_k1024_t0.1_top10_slurm/job_3/query_010_Venue_left.csv_title_Stadium_right_title_contributing_entities.csv
  Saved 200 contributing entities to entity-linking-experiments/autofj_query_results_k1024_t0.1_top10_slurm/job_3/query_010_Venue_left.csv_title_SportFacility_right_title_contributing_entities.csv
  Saved 200 contributing entities to entity-linking-experiments/autofj_query_results_k1024_t0.1_top10_slurm/job_3/query_010_Venue_left.csv_title_ShoppingMall_left_title_contributing_entities.csv
  Saved 200 contributing entities to entity-linking-experiments/autofj_query_results_k1024_t0.1_top10_slurm/job_3/query_010_Venue_left.csv_title_Stadium_left_title_contributing_entities.csv
  Saved 200 contributing entities to entity-linking-experiments/autofj_query_results_k1024_t0.1_top10_slurm/job_3/query_010_Venue_left.csv_title_ShoppingMall_right_title_contributing_entities.csv
  Saved 200 contributing entities to entity-linking-experiments/autofj_query_results_k1024_t0.1_top10_slurm/job_3/query_010_Venue_left.csv_title_SportFacility_left_title_contributing_entities.csv
  Saved 166 contributing entities to entity-linking-experiments/autofj_query_results_k1024_t0.1_top10_slurm/job_3/query_010_Venue_left.csv_title_BasketballTeam_right_title_contributing_entities.csv
  Saved 27 contributing entities to entity-linking-experiments/autofj_query_results_k1024_t0.1_top10_slurm/job_3/query_010_Venue_left.csv_title_TennisTournament_right_title_contributing_entities.csv

Combined results saved to: entity-linking-experiments/autofj_query_results_k1024_t0.1_top10_slurm/job_3/all_query_results.csv

=== QUERY PROCESSING STATISTICS ===
Total queries: 10
Successful queries: 10
Failed queries: 0
Total processing time: 605.52s
Total candidates found: 100
Total high-quality candidates: 2000
Average time per query: 60.5520s
Average candidates per query: 10.00
Average high-quality candidates per query: 200.00

Query processing completed!
Successful queries: 10/10
Total results: 100
Results saved to: entity-linking-experiments/autofj_query_results_k1024_t0.1_top10_slurm/job_3
