Loading query specifications from datasets/gdc/gdc_query_columns.csv
Found 57 query specifications
Processing 10 specified queries

Processing 10 queries with similarity_method=greedy_match...
Processing query 1/10: gilette.Smoking.History
  Loaded 215 values
Device selected: cpu
  Found 10 similar columns
Processing query 2/10: gilette.Stage
  Loaded 76 values
  Found 10 similar columns
Processing query 3/10: krug.Ethnicity
  Loaded 122 values
  Found 10 similar columns
Processing query 4/10: krug.Gender
  Loaded 122 values
  Found 10 similar columns
Processing query 5/10: krug.Tumor.Stage
  Loaded 122 values
  Found 10 similar columns
Processing query 6/10: mcdermott.Anatomic site of Tumor Specimen
  Loaded 92 values
  Found 10 similar columns
Processing query 7/10: mcdermott.Ethnicity
  Loaded 93 values
  Found 10 similar columns
Processing query 8/10: mcdermott.Gender
  Loaded 93 values
  Found 10 similar columns
Processing query 9/10: mcdermott.Histological Subtype
  Loaded 92 values
  Found 10 similar columns
Processing query 10/10: mcdermott.Race
  Loaded 93 values
  Found 10 similar columns

Combined results saved to: gdc-experiments/gdc_query_results_k1024_t0.1_top10_slurm/job_3/all_query_results.csv

=== QUERY PROCESSING STATISTICS ===
Total queries: 10
Successful queries: 10
Failed queries: 0
Total processing time: 55.01s
Total candidates found: 100
Average time per query: 5.5006s
Average candidates per query: 10.00

Query processing completed!
Successful queries: 10/10
Total results: 100
Results saved to: gdc-experiments/gdc_query_results_k1024_t0.1_top10_slurm/job_3
