Loading query specifications from datasets/gdc/gdc_query_columns.csv
Found 57 query specifications
Processing 10 specified queries

Processing 10 queries with similarity_method=greedy_match...
Processing query 1/10: cao.cause_of_death
  Loaded 140 values
Device selected: cpu
  Found 10 similar columns
Processing query 2/10: cao.histology_diagnosis
  Loaded 140 values
  Found 10 similar columns
Processing query 3/10: cao.lymph_vascular_invasion
  Loaded 138 values
  Found 10 similar columns
Processing query 4/10: cao.participant_country
  Loaded 140 values
  Found 10 similar columns
Processing query 5/10: cao.pathologic_staging_primary_tumor_pt
  Loaded 140 values
  Found 10 similar columns
Processing query 6/10: cao.pathologic_staging_regional_lymph_nodes_pn
  Loaded 140 values
  Found 10 similar columns
Processing query 7/10: cao.perineural_invasion
  Loaded 138 values
  Found 10 similar columns
Processing query 8/10: cao.race
  Loaded 33 values
  Found 10 similar columns
Processing query 9/10: cao.sex
  Loaded 140 values
  Found 10 similar columns
Processing query 10/10: cao.tobacco_smoking_history
  Loaded 138 values
  Found 10 similar columns

Combined results saved to: gdc-experiments/gdc_query_results_k1024_t0.1_top10_slurm/job_0/all_query_results.csv

=== QUERY PROCESSING STATISTICS ===
Total queries: 10
Successful queries: 10
Failed queries: 0
Total processing time: 49.40s
Total candidates found: 100
Average time per query: 4.9395s
Average candidates per query: 10.00

Query processing completed!
Successful queries: 10/10
Total results: 100
Results saved to: gdc-experiments/gdc_query_results_k1024_t0.1_top10_slurm/job_0
