Loading query specifications from datasets/gdc/gdc_query_columns.csv
Found 57 query specifications
Processing 10 specified queries

Processing 10 queries with similarity_method=greedy_match...
Processing query 1/10: cao.tumor_site
  Loaded 138 values
Device selected: cpu
  Found 10 similar columns
Processing query 2/10: cao.tumor_stage_pathological
  Loaded 134 values
  Found 10 similar columns
Processing query 3/10: cao.vital_status
  Loaded 136 values
  Found 10 similar columns
Processing query 4/10: clark.Gender
  Loaded 110 values
  Found 10 similar columns
Processing query 5/10: clark.Path_Stage_Primary_Tumor_pT
  Loaded 110 values
  Found 10 similar columns
Processing query 6/10: clark.Path_Stage_Reg_Lymph_Nodes_pN
  Loaded 110 values
  Found 10 similar columns
Processing query 7/10: clark.Tumor_Stage_Pathological
  Loaded 110 values
  Found 10 similar columns
Processing query 8/10: dou.Country
  Loaded 102 values
  Found 10 similar columns
Processing query 9/10: dou.Ethnicity
  Loaded 63 values
  Found 10 similar columns
Processing query 10/10: dou.FIGO_stage
  Loaded 101 values
  Found 10 similar columns

Combined results saved to: gdc-experiments/gdc_query_results_k1024_t0.1_top10_slurm/job_1/all_query_results.csv

=== QUERY PROCESSING STATISTICS ===
Total queries: 10
Successful queries: 10
Failed queries: 0
Total processing time: 59.94s
Total candidates found: 100
Average time per query: 5.9944s
Average candidates per query: 10.00

Query processing completed!
Successful queries: 10/10
Total results: 100
Results saved to: gdc-experiments/gdc_query_results_k1024_t0.1_top10_slurm/job_1
