Loading query specifications from datasets/gdc/gdc_query_columns.csv
Found 57 query specifications
Processing 10 specified queries

Processing 10 queries with similarity_method=greedy_match...
Processing query 1/10: dou.Gender
  Loaded 101 values
Device selected: cpu
  Found 10 similar columns
Processing query 2/10: dou.Path_Stage_Primary_Tumor-pT
  Loaded 101 values
  Found 10 similar columns
Processing query 3/10: dou.Path_Stage_Reg_Lymph_Nodes-pN
  Loaded 101 values
  Found 10 similar columns
Processing query 4/10: dou.Race
  Loaded 63 values
  Found 10 similar columns
Processing query 5/10: dou.Tumor_Site
  Loaded 101 values
  Found 10 similar columns
Processing query 6/10: dou.Tumor_purity
  Loaded 104 values
  Found 10 similar columns
Processing query 7/10: dou.tumor_Stage-Pathological
  Loaded 101 values
  Found 10 similar columns
Processing query 8/10: gilette.Country.of.Origin
  Loaded 215 values
  Found 10 similar columns
Processing query 9/10: gilette.Ethnicity
  Loaded 209 values
  Found 10 similar columns
Processing query 10/10: gilette.Gender
  Loaded 215 values
  Found 10 similar columns

Combined results saved to: gdc-experiments/gdc_query_results_k1024_t0.1_top10_slurm/job_2/all_query_results.csv

=== QUERY PROCESSING STATISTICS ===
Total queries: 10
Successful queries: 10
Failed queries: 0
Total processing time: 58.97s
Total candidates found: 100
Average time per query: 5.8969s
Average candidates per query: 10.00

Query processing completed!
Successful queries: 10/10
Total results: 100
Results saved to: gdc-experiments/gdc_query_results_k1024_t0.1_top10_slurm/job_2
