Loading query specifications from datasets/gdc/gdc_query_columns.csv
Found 57 query specifications
Processing 7 specified queries

Processing 7 queries with similarity_method=greedy_match...
Processing query 1/7: wang.ethnicity
  Loaded 35 values
Device selected: cpu
  Found 10 similar columns
Processing query 2/7: wang.ethnicity_self_identify
  Loaded 100 values
  Found 10 similar columns
Processing query 3/7: wang.gender
  Loaded 110 values
  Found 10 similar columns
Processing query 4/7: wang.race
  Loaded 39 values
  Found 10 similar columns
Processing query 5/7: wang.tumor_laterality
  Loaded 100 values
  Found 10 similar columns
Processing query 6/7: wang.tumor_site_curated
  Loaded 100 values
  Found 10 similar columns
Processing query 7/7: wang.vital_status
  Loaded 108 values
  Found 10 similar columns

Combined results saved to: gdc-experiments/gdc_query_results_k1024_t0.1_top10_slurm/job_5/all_query_results.csv

=== QUERY PROCESSING STATISTICS ===
Total queries: 7
Successful queries: 7
Failed queries: 0
Total processing time: 48.13s
Total candidates found: 70
Average time per query: 6.8751s
Average candidates per query: 10.00

Query processing completed!
Successful queries: 7/7
Total results: 70
Results saved to: gdc-experiments/gdc_query_results_k1024_t0.1_top10_slurm/job_5
