Loading query specifications from datasets/wt/wt_query_columns_no_column_names.csv
Found 119 query specifications
Processing 10 specified queries

Processing 10 queries with similarity_method=greedy_match...
Processing query 1/10: AJ-us-presidents-3_source_Presidents_per_state.title
  Loaded 44 values
Device selected: cpu
  Found 50 similar columns
Processing query 2/10: AJ-us-presidents-3_source_Presidents.title
  Loaded 44 values
  Found 50 similar columns
Processing query 3/10: AJ-us-presidents-3_source__th_President.title
  Loaded 44 values
  Found 50 similar columns
Processing query 4/10: AJ-us-presidents-4_source__.title
  Loaded 78 values
  Found 50 similar columns
Processing query 5/10: AJ-us-presidents-4_source_President.title
  Loaded 78 values
  Found 50 similar columns
Processing query 6/10: AJ-us-presidents-4_source_State.title
  Loaded 78 values
  Found 50 similar columns
Processing query 7/10: AJ-us-presidents-4_source_Term_of_office.title
  Loaded 78 values
  Found 50 similar columns
Processing query 8/10: AJ-us-presidents-4_source_Party.title
  Loaded 78 values
  Found 50 similar columns
Processing query 9/10: AJ-us-presidents-4_source_Term_.title
  Loaded 78 values
  Found 50 similar columns
Processing query 10/10: AJ-us-presidents-4_source_Previous_office.title
  Loaded 78 values
  Found 50 similar columns

Combined results saved to: wt-experiments/wt_query_results_k1024_t0.1_greedy_matchtop50_slurm_no_column_names/job_9/all_query_results.csv

=== QUERY PROCESSING STATISTICS ===
Total queries: 10
Successful queries: 10
Failed queries: 0
Total processing time: 26.47s
Total candidates found: 500
Average time per query: 2.6469s
Average candidates per query: 50.00

Query processing completed!
Successful queries: 10/10
Total results: 500
Results saved to: wt-experiments/wt_query_results_k1024_t0.1_greedy_matchtop50_slurm_no_column_names/job_9
