Loading query specifications from datasets/wt/wt_query_columns_no_column_names.csv
Found 119 query specifications
Processing 10 specified queries

Processing 10 queries with similarity_method=greedy_match...
Processing query 1/10: AJ-christmas-songs-1_source_Artist.title
  Loaded 100 values
Device selected: cpu
  Found 50 similar columns
Processing query 2/10: AJ-christmas-songs-2_source_Title.title
  Loaded 455 values
  Found 50 similar columns
Processing query 3/10: AJ-christmas-songs-2_source_Artist.title
  Loaded 455 values
  Found 50 similar columns
Processing query 4/10: AJ-christmas-songs-2_source_Year.title
  Loaded 455 values
  Found 50 similar columns
Processing query 5/10: AJ-christmas-songs-2_source_Additional_Information.title
  Loaded 434 values
  Found 50 similar columns
Processing query 6/10: AJ-duke-cs-profs_source_column_0.title
  Loaded 60 values
  Found 50 similar columns
Processing query 7/10: AJ-duke-cs-profs_source_column_1.title
  Loaded 60 values
  Found 50 similar columns
Processing query 8/10: AJ-duke-cs-profs_source_column_2.title
  Loaded 60 values
  Found 50 similar columns
Processing query 9/10: AJ-fruits-1_source_FRUITS__raw_.title
  Loaded 22 values
  Found 50 similar columns
Processing query 10/10: AJ-fruits-1_source_AMOUNT.title
  Loaded 22 values
  Found 50 similar columns

Combined results saved to: wt-experiments/wt_query_results_k1024_t0.1_greedy_matchtop50_slurm_no_column_names/job_2/all_query_results.csv

=== QUERY PROCESSING STATISTICS ===
Total queries: 10
Successful queries: 10
Failed queries: 0
Total processing time: 53.20s
Total candidates found: 500
Average time per query: 5.3197s
Average candidates per query: 50.00

Query processing completed!
Successful queries: 10/10
Total results: 500
Results saved to: wt-experiments/wt_query_results_k1024_t0.1_greedy_matchtop50_slurm_no_column_names/job_2
